#
# A fatal error has been detected by the Java Runtime Environment:
#
#  SIGSEGV (0xb) at pc=0x000000012a69e590, pid=17570, tid=44547
#
# JRE version: Java(TM) SE Runtime Environment (17.0.7+8) (build 17.0.7+8-LTS-224)
# Java VM: Java HotSpot(TM) 64-Bit Server VM (17.0.7+8-LTS-224, mixed mode, emulated-client, sharing, tiered, compressed oops, compressed class ptrs, g1 gc, bsd-amd64)
# Problematic frame:
# C  [libnetty_tcnative_osx_x86_6410162214524067811634.dylib+0x166590]  __isPlatformOrVariantPlatformVersionAtLeast.cold.1+0x140
#
# No core dump will be written. Core dumps have been disabled. To enable core dumping, try "ulimit -c unlimited" before starting Java again
#
# If you would like to submit a bug report, please visit:
#   https://bugreport.java.com/bugreport/crash.jsp
# The crash happened outside the Java Virtual Machine in native code.
# See problematic frame for where to report the bug.
#

---------------  S U M M A R Y ------------

Command Line: -agentlib:jdwp=transport=dt_socket,address=127.0.0.1:62670,suspend=y,server=n -XX:TieredStopAtLevel=1 -Dspring.output.ansi.enabled=always -Dcom.sun.management.jmxremote -Dspring.jmx.enabled=true -Dspring.liveBeansView.mbeanDomain -Dspring.application.admin.enabled=true -Dmanagement.endpoints.jmx.exposure.include=* -javaagent:/Users/jm/Library/Caches/JetBrains/IntelliJIdea2023.2/captureAgent/debugger-agent.jar=file:/private/var/folders/gm/gdl8p0h93xb_1lyv5dmq53q00000gn/T/capture.props -Dfile.encoding=UTF-8 com.lifehub.servicebus.ServiceBusTopicApplication

Host: "MacBookPro16,1" x86_64 2400 MHz, 16 cores, 32G, Darwin 19.0.0, macOS 10.15.1 (19B2093)
Time: Sun Oct  8 09:16:03 2023 CEST elapsed time: 12.554745 seconds (0d 0h 0m 12s)

---------------  T H R E A D  ---------------

Current thread (0x00007fd1bf864400):  JavaThread "ForkJoinPool.commonPool-worker-1" daemon [_thread_in_native, id=44547, stack(0x0000700006c38000,0x0000700006d38000)]

Stack: [0x0000700006c38000,0x0000700006d38000],  sp=0x0000700006d30978,  free space=994k
Native frames: (J=compiled Java code, j=interpreted, Vv=VM code, C=native code)
C  [libnetty_tcnative_osx_x86_6410162214524067811634.dylib+0x166590]  __isPlatformOrVariantPlatformVersionAtLeast.cold.1+0x140
C  0x000000010ec67280
C  0x000000010ec674e2
C  0x000000010ec61f67
C  0x000000010ec5fff8
C  0x000000010ec60098
C  0x000000010ec51f87
C  0x000000010ec5bc6f
C  [libdyld.dylib+0x1e7f]  dlopen+0xab
V  [libjvm.dylib+0x88cbef]  os::dll_load(char const*, char*, int)+0x3f
V  [libjvm.dylib+0x5b5339]  JVM_LoadLibrary+0x109
C  [libjava.dylib+0x51d2]  Java_jdk_internal_loader_NativeLibraries_load+0x132
j  jdk.internal.loader.NativeLibraries.load(Ljdk/internal/loader/NativeLibraries$NativeLibraryImpl;Ljava/lang/String;ZZZ)Z+0 java.base@17.0.7
j  jdk.internal.loader.NativeLibraries$NativeLibraryImpl.open()Z+60 java.base@17.0.7
j  jdk.internal.loader.NativeLibraries.loadLibrary(Ljava/lang/Class;Ljava/lang/String;Z)Ljdk/internal/loader/NativeLibrary;+256 java.base@17.0.7
j  jdk.internal.loader.NativeLibraries.loadLibrary(Ljava/lang/Class;Ljava/io/File;)Ljdk/internal/loader/NativeLibrary;+51 java.base@17.0.7
j  java.lang.ClassLoader.loadLibrary(Ljava/lang/Class;Ljava/io/File;)Ljdk/internal/loader/NativeLibrary;+31 java.base@17.0.7
j  java.lang.Runtime.load0(Ljava/lang/Class;Ljava/lang/String;)V+61 java.base@17.0.7
j  java.lang.System.load(Ljava/lang/String;)V+7 java.base@17.0.7
j  io.netty.util.internal.NativeLibraryUtil.loadLibrary(Ljava/lang/String;Z)V+5
v  ~StubRoutines::call_stub
V  [libjvm.dylib+0x50a451]  JavaCalls::call_helper(JavaValue*, methodHandle const&, JavaCallArguments*, JavaThread*)+0x2a1
V  [libjvm.dylib+0x8ff5ed]  invoke(InstanceKlass*, methodHandle const&, Handle, bool, objArrayHandle, BasicType, objArrayHandle, bool, JavaThread*)+0x9dd
V  [libjvm.dylib+0x8febbb]  Reflection::invoke_method(oopDesc*, Handle, objArrayHandle, JavaThread*)+0x15b
V  [libjvm.dylib+0x5b5bbb]  JVM_InvokeMethod+0x30b
j  jdk.internal.reflect.NativeMethodAccessorImpl.invoke0(Ljava/lang/reflect/Method;Ljava/lang/Object;[Ljava/lang/Object;)Ljava/lang/Object;+0 java.base@17.0.7
j  jdk.internal.reflect.NativeMethodAccessorImpl.invoke(Ljava/lang/Object;[Ljava/lang/Object;)Ljava/lang/Object;+133 java.base@17.0.7
j  jdk.internal.reflect.DelegatingMethodAccessorImpl.invoke(Ljava/lang/Object;[Ljava/lang/Object;)Ljava/lang/Object;+6 java.base@17.0.7
j  java.lang.reflect.Method.invoke(Ljava/lang/Object;[Ljava/lang/Object;)Ljava/lang/Object;+59 java.base@17.0.7
j  io.netty.util.internal.NativeLibraryLoader$1.run()Ljava/lang/Object;+53
J 762 c1 java.security.AccessController.doPrivileged(Ljava/security/PrivilegedAction;)Ljava/lang/Object; java.base@17.0.7 (9 bytes) @ 0x000000010aebf0fc [0x000000010aebf0c0+0x000000000000003c]
j  io.netty.util.internal.NativeLibraryLoader.loadLibraryByHelper(Ljava/lang/Class;Ljava/lang/String;Z)V+10
j  io.netty.util.internal.NativeLibraryLoader.loadLibrary(Ljava/lang/ClassLoader;Ljava/lang/String;Z)V+15
j  io.netty.util.internal.NativeLibraryLoader.load(Ljava/lang/String;Ljava/lang/ClassLoader;)V+352
j  io.netty.util.internal.NativeLibraryLoader.loadFirstAvailable(Ljava/lang/ClassLoader;[Ljava/lang/String;)V+33
j  io.netty.handler.ssl.OpenSsl.loadTcNative()V+297
j  io.netty.handler.ssl.OpenSsl.<clinit>()V+170
v  ~StubRoutines::call_stub
V  [libjvm.dylib+0x50a451]  JavaCalls::call_helper(JavaValue*, methodHandle const&, JavaCallArguments*, JavaThread*)+0x2a1
V  [libjvm.dylib+0x4e8634]  InstanceKlass::call_class_initializer(JavaThread*)+0x254
V  [libjvm.dylib+0x4e779c]  InstanceKlass::initialize_impl(JavaThread*)+0x37c
V  [libjvm.dylib+0x71aa43]  LinkResolver::resolve_static_call(CallInfo&, LinkInfo const&, bool, JavaThread*)+0x73
V  [libjvm.dylib+0x71cd50]  LinkResolver::resolve_invoke(CallInfo&, Handle, constantPoolHandle const&, int, Bytecodes::Code, JavaThread*)+0x80
V  [libjvm.dylib+0x503949]  InterpreterRuntime::resolve_invoke(JavaThread*, Bytecodes::Code)+0x339
V  [libjvm.dylib+0x503fe9]  InterpreterRuntime::resolve_from_cache(JavaThread*, Bytecodes::Code)+0x59
j  io.netty.handler.ssl.SslProvider.isAlpnSupported(Lio/netty/handler/ssl/SslProvider;)Z+40
j  reactor.netty.http.Http2SslContextSpec.lambda$static$0(Lio/netty/handler/ssl/SslContextBuilder;)V+4
j  reactor.netty.http.Http2SslContextSpec$$Lambda$742+0x00000008010e3b40.accept(Ljava/lang/Object;)V+4
j  reactor.netty.tcp.AbstractProtocolSslContextSpec.configure(Ljava/util/function/Consumer;)Lreactor/netty/tcp/AbstractProtocolSslContextSpec;+12
j  reactor.netty.tcp.AbstractProtocolSslContextSpec.<init>(Lio/netty/handler/ssl/SslContextBuilder;)V+14
j  reactor.netty.http.Http2SslContextSpec.<init>(Lio/netty/handler/ssl/SslContextBuilder;)V+2
j  reactor.netty.http.Http2SslContextSpec.forClient()Lreactor/netty/http/Http2SslContextSpec;+7
j  reactor.netty.http.client.HttpClientSecure.<clinit>()V+3
v  ~StubRoutines::call_stub
V  [libjvm.dylib+0x50a451]  JavaCalls::call_helper(JavaValue*, methodHandle const&, JavaCallArguments*, JavaThread*)+0x2a1
V  [libjvm.dylib+0x4e8634]  InstanceKlass::call_class_initializer(JavaThread*)+0x254
V  [libjvm.dylib+0x4e779c]  InstanceKlass::initialize_impl(JavaThread*)+0x37c
V  [libjvm.dylib+0x71aa43]  LinkResolver::resolve_static_call(CallInfo&, LinkInfo const&, bool, JavaThread*)+0x73
V  [libjvm.dylib+0x71cd50]  LinkResolver::resolve_invoke(CallInfo&, Handle, constantPoolHandle const&, int, Bytecodes::Code, JavaThread*)+0x80
V  [libjvm.dylib+0x503949]  InterpreterRuntime::resolve_invoke(JavaThread*, Bytecodes::Code)+0x339
V  [libjvm.dylib+0x503fe9]  InterpreterRuntime::resolve_from_cache(JavaThread*, Bytecodes::Code)+0x59
j  reactor.netty.http.client.HttpClientConnect$MonoHttpConnect.lambda$subscribe$0(Lreactor/netty/http/client/HttpClientConnect$HttpClientHandler;Lreactor/core/publisher/MonoSink;)V+36
j  reactor.netty.http.client.HttpClientConnect$MonoHttpConnect$$Lambda$740+0x00000008010e1b58.accept(Ljava/lang/Object;)V+12
j  reactor.core.publisher.MonoCreate.subscribe(Lreactor/core/CoreSubscriber;)V+21
j  reactor.core.publisher.FluxRetryWhen.subscribe(Lreactor/core/CoreSubscriber;Lreactor/util/retry/Retry;Lreactor/core/CorePublisher;)V+106
j  reactor.core.publisher.MonoRetryWhen.subscribeOrReturn(Lreactor/core/CoreSubscriber;)Lreactor/core/CoreSubscriber;+9
j  reactor.core.publisher.InternalMonoOperator.subscribe(Lreactor/core/CoreSubscriber;)V+4
j  reactor.netty.http.client.HttpClientConnect$MonoHttpConnect.subscribe(Lreactor/core/CoreSubscriber;)V+33
j  reactor.core.publisher.InternalMonoOperator.subscribe(Lreactor/core/CoreSubscriber;)V+33
j  reactor.core.publisher.FluxRetryWhen.subscribe(Lreactor/core/CoreSubscriber;Lreactor/util/retry/Retry;Lreactor/core/CorePublisher;)V+106
j  reactor.core.publisher.MonoRetryWhen.subscribeOrReturn(Lreactor/core/CoreSubscriber;)Lreactor/core/CoreSubscriber;+9
j  reactor.core.publisher.Mono.subscribe(Lorg/reactivestreams/Subscriber;)V+61
j  reactor.core.publisher.Mono.block()Ljava/lang/Object;+27
j  com.azure.core.http.netty.NettyAsyncHttpClient.sendSync(Lcom/azure/core/http/HttpRequest;Lcom/azure/core/util/Context;)Lcom/azure/core/http/HttpResponse;+6
j  com.azure.core.http.HttpPipelineNextSyncPolicy.processSync()Lcom/azure/core/http/HttpResponse;+42
j  com.azure.core.http.policy.HttpLoggingPolicy.processSync(Lcom/azure/core/http/HttpPipelineCallContext;Lcom/azure/core/http/HttpPipelineNextSyncPolicy;)Lcom/azure/core/http/HttpResponse;+11
j  com.azure.core.http.HttpPipelineNextSyncPolicy.processSync()Lcom/azure/core/http/HttpResponse;+57
j  com.azure.core.implementation.http.policy.InstrumentationPolicy.processSync(Lcom/azure/core/http/HttpPipelineCallContext;Lcom/azure/core/http/HttpPipelineNextSyncPolicy;)Lcom/azure/core/http/HttpResponse;+9
j  com.azure.core.http.HttpPipelineNextSyncPolicy.processSync()Lcom/azure/core/http/HttpResponse;+57
j  com.azure.core.http.policy.RetryPolicy.attemptSync(Lcom/azure/core/http/HttpPipelineCallContext;Lcom/azure/core/http/HttpPipelineNextSyncPolicy;Lcom/azure/core/http/HttpRequest;ILjava/util/List;)Lcom/azure/core/http/HttpResponse;+26
j  com.azure.core.http.policy.RetryPolicy.processSync(Lcom/azure/core/http/HttpPipelineCallContext;Lcom/azure/core/http/HttpPipelineNextSyncPolicy;)Lcom/azure/core/http/HttpResponse;+9
j  com.azure.core.http.HttpPipelineNextSyncPolicy.processSync()Lcom/azure/core/http/HttpResponse;+57
j  com.azure.core.http.policy.HttpPipelineSyncPolicy.processSync(Lcom/azure/core/http/HttpPipelineCallContext;Lcom/azure/core/http/HttpPipelineNextSyncPolicy;)Lcom/azure/core/http/HttpResponse;+6
j  com.azure.core.http.policy.UserAgentPolicy.processSync(Lcom/azure/core/http/HttpPipelineCallContext;Lcom/azure/core/http/HttpPipelineNextSyncPolicy;)Lcom/azure/core/http/HttpResponse;+6
j  com.azure.core.http.HttpPipelineNextSyncPolicy.processSync()Lcom/azure/core/http/HttpResponse;+57
j  com.azure.core.http.HttpPipeline.sendSync(Lcom/azure/core/http/HttpRequest;Lcom/azure/core/util/Context;)Lcom/azure/core/http/HttpResponse;+26
j  com.azure.identity.implementation.HttpPipelineAdapter.send(Lcom/microsoft/aad/msal4j/HttpRequest;)Lcom/microsoft/aad/msal4j/IHttpResponse;+69
j  com.microsoft.aad.msal4j.HttpHelper.executeHttpRequestWithRetries(Lcom/microsoft/aad/msal4j/HttpRequest;Lcom/microsoft/aad/msal4j/IHttpClient;)Lcom/microsoft/aad/msal4j/IHttpResponse;+11
j  com.microsoft.aad.msal4j.HttpHelper.executeHttpRequest(Lcom/microsoft/aad/msal4j/HttpRequest;Lcom/microsoft/aad/msal4j/RequestContext;Lcom/microsoft/aad/msal4j/ServiceBundle;)Lcom/microsoft/aad/msal4j/IHttpResponse;+51
j  com.microsoft.aad.msal4j.AadInstanceDiscoveryProvider.executeRequest(Ljava/lang/String;Ljava/util/Map;Lcom/microsoft/aad/msal4j/MsalRequest;Lcom/microsoft/aad/msal4j/ServiceBundle;)Lcom/microsoft/aad/msal4j/IHttpResponse;+21
j  com.microsoft.aad.msal4j.AadInstanceDiscoveryProvider.sendInstanceDiscoveryRequest(Ljava/net/URL;Lcom/microsoft/aad/msal4j/MsalRequest;Lcom/microsoft/aad/msal4j/ServiceBundle;)Lcom/microsoft/aad/msal4j/AadInstanceDiscoveryResponse;+39
j  com.microsoft.aad.msal4j.AadInstanceDiscoveryProvider.doInstanceDiscoveryAndCache(Ljava/net/URL;ZLcom/microsoft/aad/msal4j/MsalRequest;Lcom/microsoft/aad/msal4j/ServiceBundle;)V+25
j  com.microsoft.aad.msal4j.AadInstanceDiscoveryProvider.getMetadataEntry(Ljava/net/URL;ZLcom/microsoft/aad/msal4j/MsalRequest;Lcom/microsoft/aad/msal4j/ServiceBundle;)Lcom/microsoft/aad/msal4j/InstanceDiscoveryMetadataEntry;+158
j  com.microsoft.aad.msal4j.AuthenticationResultSupplier.getAuthorityWithPrefNetworkHost(Ljava/lang/String;)Lcom/microsoft/aad/msal4j/Authority;+81
j  com.microsoft.aad.msal4j.AcquireTokenSilentSupplier.execute()Lcom/microsoft/aad/msal4j/AuthenticationResult;+29
j  com.microsoft.aad.msal4j.AuthenticationResultSupplier.get()Lcom/microsoft/aad/msal4j/IAuthenticationResult;+52
j  com.microsoft.aad.msal4j.AuthenticationResultSupplier.get()Ljava/lang/Object;+1
j  java.util.concurrent.CompletableFuture$AsyncSupply.run$$$capture()V+37 java.base@17.0.7
j  java.util.concurrent.CompletableFuture$AsyncSupply.run()V+5 java.base@17.0.7
j  java.util.concurrent.CompletableFuture$AsyncSupply.exec()Z+1 java.base@17.0.7
...<more frames>...

Java frames: (J=compiled Java code, j=interpreted, Vv=VM code)
j  jdk.internal.loader.NativeLibraries.load(Ljdk/internal/loader/NativeLibraries$NativeLibraryImpl;Ljava/lang/String;ZZZ)Z+0 java.base@17.0.7
j  jdk.internal.loader.NativeLibraries$NativeLibraryImpl.open()Z+60 java.base@17.0.7
j  jdk.internal.loader.NativeLibraries.loadLibrary(Ljava/lang/Class;Ljava/lang/String;Z)Ljdk/internal/loader/NativeLibrary;+256 java.base@17.0.7
j  jdk.internal.loader.NativeLibraries.loadLibrary(Ljava/lang/Class;Ljava/io/File;)Ljdk/internal/loader/NativeLibrary;+51 java.base@17.0.7
j  java.lang.ClassLoader.loadLibrary(Ljava/lang/Class;Ljava/io/File;)Ljdk/internal/loader/NativeLibrary;+31 java.base@17.0.7
j  java.lang.Runtime.load0(Ljava/lang/Class;Ljava/lang/String;)V+61 java.base@17.0.7
j  java.lang.System.load(Ljava/lang/String;)V+7 java.base@17.0.7
j  io.netty.util.internal.NativeLibraryUtil.loadLibrary(Ljava/lang/String;Z)V+5
v  ~StubRoutines::call_stub
j  jdk.internal.reflect.NativeMethodAccessorImpl.invoke0(Ljava/lang/reflect/Method;Ljava/lang/Object;[Ljava/lang/Object;)Ljava/lang/Object;+0 java.base@17.0.7
j  jdk.internal.reflect.NativeMethodAccessorImpl.invoke(Ljava/lang/Object;[Ljava/lang/Object;)Ljava/lang/Object;+133 java.base@17.0.7
j  jdk.internal.reflect.DelegatingMethodAccessorImpl.invoke(Ljava/lang/Object;[Ljava/lang/Object;)Ljava/lang/Object;+6 java.base@17.0.7
j  java.lang.reflect.Method.invoke(Ljava/lang/Object;[Ljava/lang/Object;)Ljava/lang/Object;+59 java.base@17.0.7
j  io.netty.util.internal.NativeLibraryLoader$1.run()Ljava/lang/Object;+53
J 762 c1 java.security.AccessController.doPrivileged(Ljava/security/PrivilegedAction;)Ljava/lang/Object; java.base@17.0.7 (9 bytes) @ 0x000000010aebf0fc [0x000000010aebf0c0+0x000000000000003c]
j  io.netty.util.internal.NativeLibraryLoader.loadLibraryByHelper(Ljava/lang/Class;Ljava/lang/String;Z)V+10
j  io.netty.util.internal.NativeLibraryLoader.loadLibrary(Ljava/lang/ClassLoader;Ljava/lang/String;Z)V+15
j  io.netty.util.internal.NativeLibraryLoader.load(Ljava/lang/String;Ljava/lang/ClassLoader;)V+352
j  io.netty.util.internal.NativeLibraryLoader.loadFirstAvailable(Ljava/lang/ClassLoader;[Ljava/lang/String;)V+33
j  io.netty.handler.ssl.OpenSsl.loadTcNative()V+297
j  io.netty.handler.ssl.OpenSsl.<clinit>()V+170
v  ~StubRoutines::call_stub
j  io.netty.handler.ssl.SslProvider.isAlpnSupported(Lio/netty/handler/ssl/SslProvider;)Z+40
j  reactor.netty.http.Http2SslContextSpec.lambda$static$0(Lio/netty/handler/ssl/SslContextBuilder;)V+4
j  reactor.netty.http.Http2SslContextSpec$$Lambda$742+0x00000008010e3b40.accept(Ljava/lang/Object;)V+4
j  reactor.netty.tcp.AbstractProtocolSslContextSpec.configure(Ljava/util/function/Consumer;)Lreactor/netty/tcp/AbstractProtocolSslContextSpec;+12
j  reactor.netty.tcp.AbstractProtocolSslContextSpec.<init>(Lio/netty/handler/ssl/SslContextBuilder;)V+14
j  reactor.netty.http.Http2SslContextSpec.<init>(Lio/netty/handler/ssl/SslContextBuilder;)V+2
j  reactor.netty.http.Http2SslContextSpec.forClient()Lreactor/netty/http/Http2SslContextSpec;+7
j  reactor.netty.http.client.HttpClientSecure.<clinit>()V+3
v  ~StubRoutines::call_stub
j  reactor.netty.http.client.HttpClientConnect$MonoHttpConnect.lambda$subscribe$0(Lreactor/netty/http/client/HttpClientConnect$HttpClientHandler;Lreactor/core/publisher/MonoSink;)V+36
j  reactor.netty.http.client.HttpClientConnect$MonoHttpConnect$$Lambda$740+0x00000008010e1b58.accept(Ljava/lang/Object;)V+12
j  reactor.core.publisher.MonoCreate.subscribe(Lreactor/core/CoreSubscriber;)V+21
j  reactor.core.publisher.FluxRetryWhen.subscribe(Lreactor/core/CoreSubscriber;Lreactor/util/retry/Retry;Lreactor/core/CorePublisher;)V+106
j  reactor.core.publisher.MonoRetryWhen.subscribeOrReturn(Lreactor/core/CoreSubscriber;)Lreactor/core/CoreSubscriber;+9
j  reactor.core.publisher.InternalMonoOperator.subscribe(Lreactor/core/CoreSubscriber;)V+4
j  reactor.netty.http.client.HttpClientConnect$MonoHttpConnect.subscribe(Lreactor/core/CoreSubscriber;)V+33
j  reactor.core.publisher.InternalMonoOperator.subscribe(Lreactor/core/CoreSubscriber;)V+33
j  reactor.core.publisher.FluxRetryWhen.subscribe(Lreactor/core/CoreSubscriber;Lreactor/util/retry/Retry;Lreactor/core/CorePublisher;)V+106
j  reactor.core.publisher.MonoRetryWhen.subscribeOrReturn(Lreactor/core/CoreSubscriber;)Lreactor/core/CoreSubscriber;+9
j  reactor.core.publisher.Mono.subscribe(Lorg/reactivestreams/Subscriber;)V+61
j  reactor.core.publisher.Mono.block()Ljava/lang/Object;+27
j  com.azure.core.http.netty.NettyAsyncHttpClient.sendSync(Lcom/azure/core/http/HttpRequest;Lcom/azure/core/util/Context;)Lcom/azure/core/http/HttpResponse;+6
j  com.azure.core.http.HttpPipelineNextSyncPolicy.processSync()Lcom/azure/core/http/HttpResponse;+42
j  com.azure.core.http.policy.HttpLoggingPolicy.processSync(Lcom/azure/core/http/HttpPipelineCallContext;Lcom/azure/core/http/HttpPipelineNextSyncPolicy;)Lcom/azure/core/http/HttpResponse;+11
j  com.azure.core.http.HttpPipelineNextSyncPolicy.processSync()Lcom/azure/core/http/HttpResponse;+57
j  com.azure.core.implementation.http.policy.InstrumentationPolicy.processSync(Lcom/azure/core/http/HttpPipelineCallContext;Lcom/azure/core/http/HttpPipelineNextSyncPolicy;)Lcom/azure/core/http/HttpResponse;+9
j  com.azure.core.http.HttpPipelineNextSyncPolicy.processSync()Lcom/azure/core/http/HttpResponse;+57
j  com.azure.core.http.policy.RetryPolicy.attemptSync(Lcom/azure/core/http/HttpPipelineCallContext;Lcom/azure/core/http/HttpPipelineNextSyncPolicy;Lcom/azure/core/http/HttpRequest;ILjava/util/List;)Lcom/azure/core/http/HttpResponse;+26
j  com.azure.core.http.policy.RetryPolicy.processSync(Lcom/azure/core/http/HttpPipelineCallContext;Lcom/azure/core/http/HttpPipelineNextSyncPolicy;)Lcom/azure/core/http/HttpResponse;+9
j  com.azure.core.http.HttpPipelineNextSyncPolicy.processSync()Lcom/azure/core/http/HttpResponse;+57
j  com.azure.core.http.policy.HttpPipelineSyncPolicy.processSync(Lcom/azure/core/http/HttpPipelineCallContext;Lcom/azure/core/http/HttpPipelineNextSyncPolicy;)Lcom/azure/core/http/HttpResponse;+6
j  com.azure.core.http.policy.UserAgentPolicy.processSync(Lcom/azure/core/http/HttpPipelineCallContext;Lcom/azure/core/http/HttpPipelineNextSyncPolicy;)Lcom/azure/core/http/HttpResponse;+6
j  com.azure.core.http.HttpPipelineNextSyncPolicy.processSync()Lcom/azure/core/http/HttpResponse;+57
j  com.azure.core.http.HttpPipeline.sendSync(Lcom/azure/core/http/HttpRequest;Lcom/azure/core/util/Context;)Lcom/azure/core/http/HttpResponse;+26
j  com.azure.identity.implementation.HttpPipelineAdapter.send(Lcom/microsoft/aad/msal4j/HttpRequest;)Lcom/microsoft/aad/msal4j/IHttpResponse;+69
j  com.microsoft.aad.msal4j.HttpHelper.executeHttpRequestWithRetries(Lcom/microsoft/aad/msal4j/HttpRequest;Lcom/microsoft/aad/msal4j/IHttpClient;)Lcom/microsoft/aad/msal4j/IHttpResponse;+11
j  com.microsoft.aad.msal4j.HttpHelper.executeHttpRequest(Lcom/microsoft/aad/msal4j/HttpRequest;Lcom/microsoft/aad/msal4j/RequestContext;Lcom/microsoft/aad/msal4j/ServiceBundle;)Lcom/microsoft/aad/msal4j/IHttpResponse;+51
j  com.microsoft.aad.msal4j.AadInstanceDiscoveryProvider.executeRequest(Ljava/lang/String;Ljava/util/Map;Lcom/microsoft/aad/msal4j/MsalRequest;Lcom/microsoft/aad/msal4j/ServiceBundle;)Lcom/microsoft/aad/msal4j/IHttpResponse;+21
j  com.microsoft.aad.msal4j.AadInstanceDiscoveryProvider.sendInstanceDiscoveryRequest(Ljava/net/URL;Lcom/microsoft/aad/msal4j/MsalRequest;Lcom/microsoft/aad/msal4j/ServiceBundle;)Lcom/microsoft/aad/msal4j/AadInstanceDiscoveryResponse;+39
j  com.microsoft.aad.msal4j.AadInstanceDiscoveryProvider.doInstanceDiscoveryAndCache(Ljava/net/URL;ZLcom/microsoft/aad/msal4j/MsalRequest;Lcom/microsoft/aad/msal4j/ServiceBundle;)V+25
j  com.microsoft.aad.msal4j.AadInstanceDiscoveryProvider.getMetadataEntry(Ljava/net/URL;ZLcom/microsoft/aad/msal4j/MsalRequest;Lcom/microsoft/aad/msal4j/ServiceBundle;)Lcom/microsoft/aad/msal4j/InstanceDiscoveryMetadataEntry;+158
j  com.microsoft.aad.msal4j.AuthenticationResultSupplier.getAuthorityWithPrefNetworkHost(Ljava/lang/String;)Lcom/microsoft/aad/msal4j/Authority;+81
j  com.microsoft.aad.msal4j.AcquireTokenSilentSupplier.execute()Lcom/microsoft/aad/msal4j/AuthenticationResult;+29
j  com.microsoft.aad.msal4j.AuthenticationResultSupplier.get()Lcom/microsoft/aad/msal4j/IAuthenticationResult;+52
j  com.microsoft.aad.msal4j.AuthenticationResultSupplier.get()Ljava/lang/Object;+1
j  java.util.concurrent.CompletableFuture$AsyncSupply.run$$$capture()V+37 java.base@17.0.7
j  java.util.concurrent.CompletableFuture$AsyncSupply.run()V+5 java.base@17.0.7
j  java.util.concurrent.CompletableFuture$AsyncSupply.exec()Z+1 java.base@17.0.7
j  java.util.concurrent.ForkJoinTask.doExec$$$capture()I+10 java.base@17.0.7
j  java.util.concurrent.ForkJoinTask.doExec()I+5 java.base@17.0.7
j  java.util.concurrent.ForkJoinPool$WorkQueue.topLevelExec(Ljava/util/concurrent/ForkJoinTask;Ljava/util/concurrent/ForkJoinPool$WorkQueue;)V+13 java.base@17.0.7
j  java.util.concurrent.ForkJoinPool.scan(Ljava/util/concurrent/ForkJoinPool$WorkQueue;II)I+193 java.base@17.0.7
j  java.util.concurrent.ForkJoinPool.runWorker(Ljava/util/concurrent/ForkJoinPool$WorkQueue;)V+53 java.base@17.0.7
j  java.util.concurrent.ForkJoinWorkerThread.run()V+31 java.base@17.0.7
v  ~StubRoutines::call_stub

siginfo: si_signo: 11 (SIGSEGV), si_code: 0 (unknown), si_addr: 0x0000000000000000

Register to memory mapping:

RAX=0x00000000029c6fbf is an unknown value
RBX=0x0000000008100800 is an unknown value
RCX=0x00000000029c6fbf is an unknown value
RDX=0x0 is NULL
RSP=0x0000700006d30978 is pointing into the stack for thread: 0x00007fd1bf864400
RBP=0x0000700006d309a0 is pointing into the stack for thread: 0x00007fd1bf864400
RSI=0x000000007ffaf3bf is an unknown value
RDI=0x000000012a6aa133: hexbyte.hextable+0xab3 in /private/var/folders/gm/gdl8p0h93xb_1lyv5dmq53q00000gn/T/libnetty_tcnative_osx_x86_6410162214524067811634.dylib at 0x000000012a538000
R8 =0x0000000040000000 is an unknown value
R9 =0x00000000029c6fbf is an unknown value
R10=0x0000000000000001 is an unknown value
R11=0x0 is NULL
R12=0x00007fff8d989558: _ZL8sHelpers+0 in /usr/lib/system/libdyld.dylib at 0x00007fff62edd000
R13=0x0000700006d30a20 is pointing into the stack for thread: 0x00007fd1bf864400
R14=0x000000012a70aa60: OPENSSL_ia32cap_P+0 in /private/var/folders/gm/gdl8p0h93xb_1lyv5dmq53q00000gn/T/libnetty_tcnative_osx_x86_6410162214524067811634.dylib at 0x000000012a538000
R15=0x0 is NULL


Registers:
RAX=0x00000000029c6fbf, RBX=0x0000000008100800, RCX=0x00000000029c6fbf, RDX=0x0000000000000000
RSP=0x0000700006d30978, RBP=0x0000700006d309a0, RSI=0x000000007ffaf3bf, RDI=0x000000012a6aa133
R8 =0x0000000040000000, R9 =0x00000000029c6fbf, R10=0x0000000000000001, R11=0x0000000000000000
R12=0x00007fff8d989558, R13=0x0000700006d30a20, R14=0x000000012a70aa60, R15=0x0000000000000000
RIP=0x000000012a69e590, EFLAGS=0x0000000000010206, ERR=0x0000000000000000
  TRAPNO=0x000000000000000d

Top of Stack: (sp=0x0000700006d30978)
0x0000700006d30978:   000000012a62e963 000000010ece2268
0x0000700006d30988:   000000012a62ead0 0000000000000000
0x0000700006d30998:   0000000000000000 0000700006d30b00
0x0000700006d309a8:   000000010ec67280 0000000000000000
0x0000700006d309b8:   00000008004c1ba8 0000700006d30a00
0x0000700006d309c8:   0000000109eea629 33aa18769a4300f7
0x0000700006d309d8:   00007fd1bf864400 00000008004c1b98
0x0000700006d309e8:   000070002e301650 00007fd1bf864400
0x0000700006d309f8:   00000008003fd6a8 0000700006d30b50
0x0000700006d30a08:   000000010a11918a 33aa18762a801ea8
0x0000700006d30a18:   00007fd1bf864400 000000081f070000
0x0000700006d30a28:   000000012a538000 0000000000000000
0x0000700006d30a38:   000000012a62ead0 0000000000000000
0x0000700006d30a48:   0000000000000000 0000000000000000
0x0000700006d30a58:   0000000000000000 0000000000000000
0x0000700006d30a68:   0000000000000000 0000000000000000
0x0000700006d30a78:   0000000000000000 0000000000000000
0x0000700006d30a88:   0000000000000000 000000012a5382e8
0x0000700006d30a98:   000000010ece2330 000000012a538108
0x0000700006d30aa8:   0000001100000000 000000012a538020
0x0000700006d30ab8:   0000000000000001 000000010ece2268
0x0000700006d30ac8:   000000012a69e698 00007fd16dfa73f0
0x0000700006d30ad8:   00007fd16dfa73f0 000000010ece2268
0x0000700006d30ae8:   0000000000007f2d 000000010ece2268
0x0000700006d30af8:   00000000b502032d 0000700006d30b20
0x0000700006d30b08:   000000010ec674e2 00007fd16dfa73f0
0x0000700006d30b18:   00051c79d620cace 0000700006d30b80
0x0000700006d30b28:   000000010ec61f67 000000010000ae03
0x0000700006d30b38:   000000010ece2268 0000ae03003fd6a8
0x0000700006d30b48:   0000700006d32430 00000000b5020328
0x0000700006d30b58:   0000700006d30b90 000000000000ae03
0x0000700006d30b68:   0000700006d323e0 0000700006d323f0 

Instructions: (pc=0x000000012a69e590)
0x000000012a69e490:   9c 5b 05 00 ff 25 9e 5b 05 00 ff 25 a0 5b 05 00
0x000000012a69e4a0:   ff 25 a2 5b 05 00 ff 25 a4 5b 05 00 ff 25 a6 5b
0x000000012a69e4b0:   05 00 ff 25 a8 5b 05 00 ff 25 aa 5b 05 00 ff 25
0x000000012a69e4c0:   ac 5b 05 00 ff 25 ae 5b 05 00 ff 25 b0 5b 05 00
0x000000012a69e4d0:   ff 25 b2 5b 05 00 ff 25 bc 5b 05 00 ff 25 be 5b
0x000000012a69e4e0:   05 00 ff 25 c0 5b 05 00 ff 25 c2 5b 05 00 ff 25
0x000000012a69e4f0:   d4 5b 05 00 ff 25 d6 5b 05 00 ff 25 d8 5b 05 00
0x000000012a69e500:   ff 25 da 5b 05 00 ff 25 dc 5b 05 00 ff 25 de 5b
0x000000012a69e510:   05 00 ff 25 e0 5b 05 00 ff 25 e2 5b 05 00 ff 25
0x000000012a69e520:   e4 5b 05 00 ff 25 e6 5b 05 00 ff 25 e8 5b 05 00
0x000000012a69e530:   ff 25 ea 5b 05 00 ff 25 ec 5b 05 00 ff 25 ee 5b
0x000000012a69e540:   05 00 ff 25 f0 5b 05 00 ff 25 f2 5b 05 00 ff 25
0x000000012a69e550:   f4 5b 05 00 ff 25 f6 5b 05 00 ff 25 f8 5b 05 00
0x000000012a69e560:   ff 25 fa 5b 05 00 ff 25 fc 5b 05 00 ff 25 fe 5b
0x000000012a69e570:   05 00 ff 25 00 5c 05 00 ff 25 02 5c 05 00 ff 25
0x000000012a69e580:   04 5c 05 00 ff 25 06 5c 05 00 ff 25 08 5c 05 00
0x000000012a69e590:   ff 25 0a 5c 05 00 ff 25 0c 5c 05 00 ff 25 0e 5c
0x000000012a69e5a0:   05 00 ff 25 18 5c 05 00 ff 25 1a 5c 05 00 ff 25
0x000000012a69e5b0:   1c 5c 05 00 ff 25 1e 5c 05 00 ff 25 20 5c 05 00
0x000000012a69e5c0:   ff 25 22 5c 05 00 ff 25 24 5c 05 00 ff 25 26 5c
0x000000012a69e5d0:   05 00 ff 25 28 5c 05 00 ff 25 2a 5c 05 00 ff 25
0x000000012a69e5e0:   2c 5c 05 00 ff 25 2e 5c 05 00 ff 25 30 5c 05 00
0x000000012a69e5f0:   ff 25 32 5c 05 00 ff 25 34 5c 05 00 ff 25 36 5c
0x000000012a69e600:   05 00 ff 25 38 5c 05 00 ff 25 3a 5c 05 00 ff 25
0x000000012a69e610:   3c 5c 05 00 ff 25 3e 5c 05 00 ff 25 40 5c 05 00
0x000000012a69e620:   ff 25 42 5c 05 00 ff 25 44 5c 05 00 ff 25 46 5c
0x000000012a69e630:   05 00 ff 25 48 5c 05 00 ff 25 4a 5c 05 00 ff 25
0x000000012a69e640:   4c 5c 05 00 ff 25 4e 5c 05 00 ff 25 50 5c 05 00
0x000000012a69e650:   ff 25 52 5c 05 00 ff 25 54 5c 05 00 ff 25 56 5c
0x000000012a69e660:   05 00 ff 25 58 5c 05 00 ff 25 5a 5c 05 00 ff 25
0x000000012a69e670:   5c 5c 05 00 ff 25 5e 5c 05 00 ff 25 60 5c 05 00
0x000000012a69e680:   ff 25 62 5c 05 00 ff 25 64 5c 05 00 ff 25 66 5c 


Stack slot to memory mapping:
stack at sp + 0 slots: 0x000000012a62e963: OPENSSL_cpuid_setup+0x173 in /private/var/folders/gm/gdl8p0h93xb_1lyv5dmq53q00000gn/T/libnetty_tcnative_osx_x86_6410162214524067811634.dylib at 0x000000012a538000
stack at sp + 1 slots: 0x000000010ece2268 points into unknown readable memory: 0x000000010ec5804e | 4e 80 c5 0e 01 00 00 00
stack at sp + 2 slots: 0x000000012a62ead0: do_library_init+0 in /private/var/folders/gm/gdl8p0h93xb_1lyv5dmq53q00000gn/T/libnetty_tcnative_osx_x86_6410162214524067811634.dylib at 0x000000012a538000
stack at sp + 3 slots: 0x0 is NULL
stack at sp + 4 slots: 0x0 is NULL
stack at sp + 5 slots: 0x0000700006d30b00 is pointing into the stack for thread: 0x00007fd1bf864400
stack at sp + 6 slots: 0x000000010ec67280 points into unknown readable memory: 0x058d481d75e4854d | 4d 85 e4 75 1d 48 8d 05
stack at sp + 7 slots: 0x0 is NULL


---------------  P R O C E S S  ---------------

Threads class SMR info:
_java_thread_list=0x00007fd16dca6ae0, length=32, elements={
0x00007fd1c8801000, 0x00007fd1c8905000, 0x00007fd1bf009400, 0x00007fd1c8905600,
0x00007fd1c8909400, 0x00007fd1c890a400, 0x00007fd1c890aa00, 0x00007fd1c890b000,
0x00007fd1ae000a00, 0x00007fd1bf015c00, 0x00007fd1c88fce00, 0x00007fd1c88fd400,
0x00007fd1bf800000, 0x00007fd1af008000, 0x00007fd1ae05f400, 0x00007fd1ae002c00,
0x00007fd1be03a600, 0x00007fd1bf0f0800, 0x00007fd1bf800600, 0x00007fd1c8907200,
0x00007fd1af009200, 0x00007fd1bf8b5400, 0x00007fd1bf8b4c00, 0x00007fd1bf859c00,
0x00007fd1be802a00, 0x00007fd1be061000, 0x00007fd1bf85a200, 0x00007fd1bf863200,
0x00007fd1bf856600, 0x00007fd1bf856c00, 0x00007fd1bf864400, 0x00007fd1bf863800
}

Java Threads: ( => current thread )
  0x00007fd1c8801000 JavaThread "main" [_thread_blocked, id=9475, stack(0x0000700003799000,0x0000700003899000)]
  0x00007fd1c8905000 JavaThread "Reference Handler" daemon [_thread_blocked, id=17155, stack(0x0000700003eae000,0x0000700003fae000)]
  0x00007fd1bf009400 JavaThread "Finalizer" daemon [_thread_blocked, id=15875, stack(0x0000700003fb1000,0x00007000040b1000)]
  0x00007fd1c8905600 JavaThread "Signal Dispatcher" daemon [_thread_blocked, id=22787, stack(0x00007000041ba000,0x00007000042ba000)]
  0x00007fd1c8909400 JavaThread "Service Thread" daemon [_thread_blocked, id=23043, stack(0x00007000042bd000,0x00007000043bd000)]
  0x00007fd1c890a400 JavaThread "Monitor Deflation Thread" daemon [_thread_blocked, id=41731, stack(0x00007000043c0000,0x00007000044c0000)]
  0x00007fd1c890aa00 JavaThread "C1 CompilerThread0" daemon [_thread_blocked, id=23555, stack(0x00007000044c3000,0x00007000045c3000)]
  0x00007fd1c890b000 JavaThread "Sweeper thread" daemon [_thread_blocked, id=23811, stack(0x00007000045c6000,0x00007000046c6000)]
  0x00007fd1ae000a00 JavaThread "Common-Cleaner" daemon [_thread_blocked, id=24323, stack(0x00007000046c9000,0x00007000047c9000)]
  0x00007fd1bf015c00 JavaThread "C1 CompilerThread1" daemon [_thread_blocked, id=40963, stack(0x00007000047cc000,0x00007000048cc000)]
  0x00007fd1c88fce00 JavaThread "JDWP Transport Listener: dt_socket" daemon [_thread_blocked, id=25351, stack(0x0000700004ad5000,0x0000700004bd5000)]
  0x00007fd1c88fd400 JavaThread "JDWP Event Helper Thread" daemon [_thread_blocked, id=39939, stack(0x0000700004bd8000,0x0000700004cd8000)]
  0x00007fd1bf800000 JavaThread "JDWP Command Reader" daemon [_thread_in_native, id=39427, stack(0x0000700004cdb000,0x0000700004ddb000)]
  0x00007fd1af008000 JavaThread "Notification Thread" daemon [_thread_blocked, id=38915, stack(0x0000700004dde000,0x0000700004ede000)]
  0x00007fd1ae05f400 JavaThread "RMI TCP Accept-0" daemon [_thread_in_native, id=38659, stack(0x0000700004ee1000,0x0000700004fe1000)]
  0x00007fd1ae002c00 JavaThread "Attach Listener" daemon [_thread_blocked, id=29191, stack(0x0000700005d0b000,0x0000700005e0b000)]
  0x00007fd1be03a600 JavaThread "RMI TCP Connection(1)-192.168.1.21" daemon [_thread_in_native, id=34563, stack(0x0000700005e0e000,0x0000700005f0e000)]
  0x00007fd1bf0f0800 JavaThread "RMI Scheduler(0)" daemon [_thread_blocked, id=34051, stack(0x0000700005f11000,0x0000700006011000)]
  0x00007fd1bf800600 JavaThread "boundedElastic-evictor-1" daemon [_thread_blocked, id=30723, stack(0x000070000631d000,0x000070000641d000)]
  0x00007fd1c8907200 JavaThread "RMI TCP Connection(2)-192.168.1.21" daemon [_thread_in_native, id=40455, stack(0x00007000049d2000,0x0000700004ad2000)]
  0x00007fd1af009200 JavaThread "parallel-1" daemon [_thread_blocked, id=24843, stack(0x00007000048cf000,0x00007000049cf000)]
  0x00007fd1bf8b5400 JavaThread "reactor-executor-1" [_thread_in_native, id=25095, stack(0x0000700006014000,0x0000700006114000)]
  0x00007fd1bf8b4c00 JavaThread "parallel-2" daemon [_thread_blocked, id=42503, stack(0x0000700006420000,0x0000700006520000)]
  0x00007fd1bf859c00 JavaThread "C1 CompilerThread2" daemon [_thread_blocked, id=32519, stack(0x0000700006523000,0x0000700006623000)]
  0x00007fd1be802a00 JavaThread "parallel-3" daemon [_thread_blocked, id=32003, stack(0x0000700006626000,0x0000700006726000)]
  0x00007fd1be061000 JavaThread "parallel-4" daemon [_thread_blocked, id=31747, stack(0x0000700006729000,0x0000700006829000)]
  0x00007fd1bf85a200 JavaThread "parallel-5" daemon [_thread_blocked, id=31491, stack(0x000070000682c000,0x000070000692c000)]
  0x00007fd1bf863200 JavaThread "parallel-6" daemon [_thread_blocked, id=43779, stack(0x000070000692f000,0x0000700006a2f000)]
  0x00007fd1bf856600 JavaThread "parallel-7" daemon [_thread_blocked, id=44035, stack(0x0000700006a32000,0x0000700006b32000)]
  0x00007fd1bf856c00 JavaThread "parallel-8" daemon [_thread_blocked, id=44291, stack(0x0000700006b35000,0x0000700006c35000)]
=>0x00007fd1bf864400 JavaThread "ForkJoinPool.commonPool-worker-1" daemon [_thread_in_native, id=44547, stack(0x0000700006c38000,0x0000700006d38000)]
  0x00007fd1bf863800 JavaThread "parallel-9" daemon [_thread_blocked, id=45059, stack(0x0000700006d3b000,0x0000700006e3b000)]

Other Threads:
  0x00007fd1c803e7e0 VMThread "VM Thread" [stack: 0x0000700003dab000,0x0000700003eab000] [id=17411]
  0x00007fd1adc1bb50 WatcherThread [stack: 0x0000700004fe4000,0x00007000050e4000] [id=38147]
  0x00007fd1c8011ad0 GCTaskThread "GC Thread#0" [stack: 0x000070000389c000,0x000070000399c000] [id=19715]
  0x00007fd1c8097150 GCTaskThread "GC Thread#1" [stack: 0x00007000050e7000,0x00007000051e7000] [id=25859]
  0x00007fd1c8097a10 GCTaskThread "GC Thread#2" [stack: 0x00007000051ea000,0x00007000052ea000] [id=26115]
  0x00007fd1c80982d0 GCTaskThread "GC Thread#3" [stack: 0x00007000052ed000,0x00007000053ed000] [id=26627]
  0x00007fd1c8098b90 GCTaskThread "GC Thread#4" [stack: 0x00007000053f0000,0x00007000054f0000] [id=27139]
  0x00007fd1c8099450 GCTaskThread "GC Thread#5" [stack: 0x00007000054f3000,0x00007000055f3000] [id=27395]
  0x00007fd1c8099d10 GCTaskThread "GC Thread#6" [stack: 0x00007000055f6000,0x00007000056f6000] [id=27907]
  0x00007fd1c809a9c0 GCTaskThread "GC Thread#7" [stack: 0x00007000056f9000,0x00007000057f9000] [id=36867]
  0x00007fd1c809b670 GCTaskThread "GC Thread#8" [stack: 0x00007000057fc000,0x00007000058fc000] [id=36355]
  0x00007fd1c809c320 GCTaskThread "GC Thread#9" [stack: 0x00007000058ff000,0x00007000059ff000] [id=28163]
  0x00007fd1c809cfd0 GCTaskThread "GC Thread#10" [stack: 0x0000700005a02000,0x0000700005b02000] [id=35843]
  0x00007fd1c809dc80 GCTaskThread "GC Thread#11" [stack: 0x0000700005b05000,0x0000700005c05000] [id=35587]
  0x00007fd1bde9d710 GCTaskThread "GC Thread#12" [stack: 0x0000700005c08000,0x0000700005d08000] [id=35335]
  0x00007fd1c8012930 ConcurrentGCThread "G1 Main Marker" [stack: 0x000070000399f000,0x0000700003a9f000] [id=12547]
  0x00007fd1c80136a0 ConcurrentGCThread "G1 Conc#0" [stack: 0x0000700003aa2000,0x0000700003ba2000] [id=13571]
  0x00007fd1bdfee3d0 ConcurrentGCThread "G1 Conc#1" [stack: 0x0000700006117000,0x0000700006217000] [id=29955]
  0x00007fd1bdfeef40 ConcurrentGCThread "G1 Conc#2" [stack: 0x000070000621a000,0x000070000631a000] [id=33539]
  0x00007fd1c802f4f0 ConcurrentGCThread "G1 Refine#0" [stack: 0x0000700003ba5000,0x0000700003ca5000] [id=14339]
  0x00007fd1c8030210 ConcurrentGCThread "G1 Service" [stack: 0x0000700003ca8000,0x0000700003da8000] [id=19459]

Threads with active compile tasks:

VM state: not at safepoint (normal execution)

VM Mutex/Monitor currently owned by a thread: None

Heap address: 0x0000000600000000, size: 8192 MB, Compressed Oops mode: Zero based, Oop shift amount: 3

CDS archive(s) mapped at: [0x0000000800000000-0x0000000800bd8000-0x0000000800bd8000), size 12419072, SharedBaseAddress: 0x0000000800000000, ArchiveRelocationMode: 0.
Compressed class space mapped at: 0x0000000800c00000-0x0000000840c00000, reserved size: 1073741824
Narrow klass base: 0x0000000800000000, Narrow klass shift: 0, Narrow klass range: 0x100000000

GC Precious Log:
 CPUs: 16 total, 16 available
 Memory: 32768M
 Large Page Support: Disabled
 NUMA Support: Disabled
 Compressed Oops: Enabled (Zero based)
 Heap Region Size: 4M
 Heap Min Capacity: 8M
 Heap Initial Capacity: 512M
 Heap Max Capacity: 8G
 Pre-touch: Disabled
 Parallel Workers: 13
 Concurrent Workers: 3
 Concurrent Refinement Workers: 13
 Periodic GC: Disabled

Heap:
 garbage-first heap   total 98304K, used 38881K [0x0000000600000000, 0x0000000800000000)
  region size 4096K, 7 young (28672K), 1 survivors (4096K)
 Metaspace       used 35676K, committed 36160K, reserved 1081344K
  class space    used 4834K, committed 5056K, reserved 1048576K

Heap Regions: E=young(eden), S=young(survivor), O=old, HS=humongous(starts), HC=humongous(continues), CS=collection set, F=free, OA=open archive, CA=closed archive, TAMS=top-at-mark-start (previous, next)
|   0|0x0000000600000000, 0x0000000600400000, 0x0000000600400000|100%| O|  |TAMS 0x0000000600400000, 0x0000000600000000| Untracked 
|   1|0x0000000600400000, 0x0000000600400000, 0x0000000600800000|  0%| F|  |TAMS 0x0000000600400000, 0x0000000600400000| Untracked 
|   2|0x0000000600800000, 0x0000000600c00000, 0x0000000600c00000|100%| O|  |TAMS 0x0000000600800000, 0x0000000600800000| Untracked 
|   3|0x0000000600c00000, 0x0000000601000000, 0x0000000601000000|100%| O|  |TAMS 0x0000000600c00000, 0x0000000600c00000| Untracked 
|   4|0x0000000601000000, 0x000000060106ea00, 0x0000000601400000| 10%| O|  |TAMS 0x0000000601000000, 0x0000000601000000| Untracked 
|   5|0x0000000601400000, 0x0000000601400000, 0x0000000601800000|  0%| F|  |TAMS 0x0000000601400000, 0x0000000601400000| Untracked 
|   6|0x0000000601800000, 0x0000000601800000, 0x0000000601c00000|  0%| F|  |TAMS 0x0000000601800000, 0x0000000601800000| Untracked 
|   7|0x0000000601c00000, 0x0000000601c00000, 0x0000000602000000|  0%| F|  |TAMS 0x0000000601c00000, 0x0000000601c00000| Untracked 
|   8|0x0000000602000000, 0x0000000602000000, 0x0000000602400000|  0%| F|  |TAMS 0x0000000602000000, 0x0000000602000000| Untracked 
|   9|0x0000000602400000, 0x0000000602400000, 0x0000000602800000|  0%| F|  |TAMS 0x0000000602400000, 0x0000000602400000| Untracked 
|  10|0x0000000602800000, 0x0000000602800000, 0x0000000602c00000|  0%| F|  |TAMS 0x0000000602800000, 0x0000000602800000| Untracked 
|  11|0x0000000602c00000, 0x0000000602c00000, 0x0000000603000000|  0%| F|  |TAMS 0x0000000602c00000, 0x0000000602c00000| Untracked 
|  12|0x0000000603000000, 0x0000000603000000, 0x0000000603400000|  0%| F|  |TAMS 0x0000000603000000, 0x0000000603000000| Untracked 
|  13|0x0000000603400000, 0x0000000603400000, 0x0000000603800000|  0%| F|  |TAMS 0x0000000603400000, 0x0000000603400000| Untracked 
|  14|0x0000000603800000, 0x0000000603800000, 0x0000000603c00000|  0%| F|  |TAMS 0x0000000603800000, 0x0000000603800000| Untracked 
|  15|0x0000000603c00000, 0x0000000603e52678, 0x0000000604000000| 58%| E|  |TAMS 0x0000000603c00000, 0x0000000603c00000| Complete 
|  16|0x0000000604000000, 0x0000000604400000, 0x0000000604400000|100%| E|CS|TAMS 0x0000000604000000, 0x0000000604000000| Complete 
|  17|0x0000000604400000, 0x0000000604800000, 0x0000000604800000|100%| E|CS|TAMS 0x0000000604400000, 0x0000000604400000| Complete 
|  18|0x0000000604800000, 0x0000000604c00000, 0x0000000604c00000|100%| E|CS|TAMS 0x0000000604800000, 0x0000000604800000| Complete 
| 110|0x000000061b800000, 0x000000061bc00000, 0x000000061bc00000|100%| E|CS|TAMS 0x000000061b800000, 0x000000061b800000| Complete 
| 111|0x000000061bc00000, 0x000000061bd94b00, 0x000000061c000000| 39%| S|CS|TAMS 0x000000061bc00000, 0x000000061bc00000| Complete 
| 127|0x000000061fc00000, 0x0000000620000000, 0x0000000620000000|100%| E|CS|TAMS 0x000000061fc00000, 0x000000061fc00000| Complete 
|2046|0x00000007ff800000, 0x00000007ffb76000, 0x00000007ffc00000| 86%|OA|  |TAMS 0x00000007ffb76000, 0x00000007ff800000| Untracked 
|2047|0x00000007ffc00000, 0x00000007ffc7f000, 0x0000000800000000| 12%|CA|  |TAMS 0x00000007ffc7f000, 0x00000007ffc00000| Untracked 

Card table byte_map: [0x00000001164dc000,0x00000001174dc000] _byte_map_base: 0x00000001134dc000

Marking Bits (Prev, Next): (CMBitMap*) 0x00007fd1c8821450, (CMBitMap*) 0x00007fd1c8821410
 Prev Bits: [0x00000001204dc000, 0x00000001284dc000)
 Next Bits: [0x00000001184dc000, 0x00000001204dc000)

Polling page: 0x0000000107995000

Metaspace:

Usage:
  Non-class:     30.12 MB used.
      Class:      4.72 MB used.
       Both:     34.84 MB used.

Virtual space:
  Non-class space:       32.00 MB reserved,      30.38 MB ( 95%) committed,  4 nodes.
      Class space:        1.00 GB reserved,       4.94 MB ( <1%) committed,  1 nodes.
             Both:        1.03 GB reserved,      35.31 MB (  3%) committed. 

Chunk freelists:
   Non-Class:  720.00 KB
       Class:  3.10 MB
        Both:  3.80 MB

MaxMetaspaceSize: unlimited
CompressedClassSpaceSize: 1.00 GB
Initial GC threshold: 21.00 MB
Current GC threshold: 35.31 MB
CDS: on
MetaspaceReclaimPolicy: balanced
 - commit_granule_bytes: 65536.
 - commit_granule_words: 8192.
 - virtual_space_node_default_size: 1048576.
 - enlarge_chunks_in_place: 1.
 - new_chunks_are_fully_committed: 0.
 - uncommit_free_chunks: 1.
 - use_allocation_guard: 0.
 - handle_deallocations: 1.


Internal statistics:

num_allocs_failed_limit: 3.
num_arena_births: 584.
num_arena_deaths: 0.
num_vsnodes_births: 5.
num_vsnodes_deaths: 0.
num_space_committed: 565.
num_space_uncommitted: 0.
num_chunks_returned_to_freelist: 3.
num_chunks_taken_from_freelist: 1693.
num_chunk_merges: 3.
num_chunk_splits: 1140.
num_chunks_enlarged: 832.
num_purges: 0.
num_inconsistent_stats: 0.

CodeCache: size=49152Kb used=8107Kb max_used=8353Kb free=41044Kb
 bounds [0x000000010aaf8000, 0x000000010b328000, 0x000000010daf8000]
 total_blobs=4100 nmethods=3523 adapters=503
 compilation: enabled
              stopped_count=0, restarted_count=0
 full_count=0

Compilation events (20 events):
Event: 12.443 Thread 0x00007fd1bf015c00 3512       1       java.io.FileDescriptor$1::getAppend (5 bytes)
Event: 12.443 Thread 0x00007fd1bf015c00 nmethod 3512 0x000000010acf4790 code [0x000000010acf4920, 0x000000010acf49f0]
Event: 12.444 Thread 0x00007fd1bf859c00 3513       1       java.io.FileOutputStream::write (20 bytes)
Event: 12.444 Thread 0x00007fd1bf859c00 nmethod 3513 0x000000010acf4010 code [0x000000010acf41c0, 0x000000010acf42e0]
Event: 12.468 Thread 0x00007fd1c890aa00 3515       1       org.apache.qpid.proton.engine.impl.CollectorImpl::peek (5 bytes)
Event: 12.468 Thread 0x00007fd1c890aa00 nmethod 3515 0x000000010acf3d10 code [0x000000010acf3ea0, 0x000000010acf3f70]
Event: 12.493 Thread 0x00007fd1bf859c00 3518       1       org.apache.qpid.proton.engine.impl.EventImpl::delegate (49 bytes)
Event: 12.493 Thread 0x00007fd1bf015c00 3516   !   1       org.apache.qpid.proton.engine.impl.EventImpl::dispatch (57 bytes)
Event: 12.493 Thread 0x00007fd1c890aa00 3517       1       org.apache.qpid.proton.engine.BaseHandler::handle (518 bytes)
Event: 12.493 Thread 0x00007fd1bf859c00 nmethod 3518 0x000000010acf3690 code [0x000000010acf3880, 0x000000010acf3b40]
Event: 12.493 Thread 0x00007fd1bf859c00 3519       1       org.apache.qpid.proton.engine.BaseHandler::children (8 bytes)
Event: 12.493 Thread 0x00007fd1bf015c00 nmethod 3516 0x000000010acf2d10 code [0x000000010acf2f00, 0x000000010acf3340]
Event: 12.493 Thread 0x00007fd1bf859c00 nmethod 3519 0x000000010acf2910 code [0x000000010acf2ac0, 0x000000010acf2bf0]
Event: 12.493 Thread 0x00007fd1c890aa00 nmethod 3517 0x000000010acf0c90 code [0x000000010acf11c0, 0x000000010acf22c0]
Event: 12.518 Thread 0x00007fd1bf015c00 3520       1       java.util.concurrent.atomic.AtomicReferenceFieldUpdater$AtomicReferenceFieldUpdaterImpl::accessCheck (17 bytes)
Event: 12.518 Thread 0x00007fd1c890aa00 3521       1       org.apache.qpid.proton.reactor.impl.SelectableImpl::getDeadline (5 bytes)
Event: 12.518 Thread 0x00007fd1c890aa00 nmethod 3521 0x000000010acf0990 code [0x000000010acf0b20, 0x000000010acf0bf0]
Event: 12.518 Thread 0x00007fd1bf015c00 nmethod 3520 0x000000010acf0610 code [0x000000010acf07c0, 0x000000010acf08e0]
Event: 12.540 Thread 0x00007fd1bf859c00 3522       1       java.util.concurrent.atomic.AtomicReferenceFieldUpdater$AtomicReferenceFieldUpdaterImpl::valueCheck (19 bytes)
Event: 12.540 Thread 0x00007fd1bf859c00 nmethod 3522 0x000000010acefe90 code [0x000000010acf0040, 0x000000010acf01c0]

GC Heap History (10 events):
Event: 0.790 GC heap before
{Heap before GC invocations=0 (full 0):
 garbage-first heap   total 532480K, used 28628K [0x0000000600000000, 0x0000000800000000)
  region size 4096K, 6 young (24576K), 0 survivors (0K)
 Metaspace       used 6536K, committed 6720K, reserved 1056768K
  class space    used 815K, committed 896K, reserved 1048576K
}
Event: 0.794 GC heap after
{Heap after GC invocations=1 (full 0):
 garbage-first heap   total 532480K, used 8935K [0x0000000600000000, 0x0000000800000000)
  region size 4096K, 1 young (4096K), 1 survivors (4096K)
 Metaspace       used 6536K, committed 6720K, reserved 1056768K
  class space    used 815K, committed 896K, reserved 1048576K
}
Event: 1.018 GC heap before
{Heap before GC invocations=1 (full 0):
 garbage-first heap   total 532480K, used 25319K [0x0000000600000000, 0x0000000800000000)
  region size 4096K, 6 young (24576K), 1 survivors (4096K)
 Metaspace       used 10554K, committed 10752K, reserved 1064960K
  class space    used 1457K, committed 1536K, reserved 1048576K
}
Event: 1.021 GC heap after
{Heap after GC invocations=2 (full 0):
 garbage-first heap   total 532480K, used 10699K [0x0000000600000000, 0x0000000800000000)
  region size 4096K, 1 young (4096K), 1 survivors (4096K)
 Metaspace       used 10554K, committed 10752K, reserved 1064960K
  class space    used 1457K, committed 1536K, reserved 1048576K
}
Event: 1.517 GC heap before
{Heap before GC invocations=2 (full 0):
 garbage-first heap   total 532480K, used 68043K [0x0000000600000000, 0x0000000800000000)
  region size 4096K, 16 young (65536K), 1 survivors (4096K)
 Metaspace       used 21123K, committed 21504K, reserved 1073152K
  class space    used 2757K, committed 2944K, reserved 1048576K
}
Event: 1.521 GC heap after
{Heap after GC invocations=3 (full 0):
 garbage-first heap   total 532480K, used 14375K [0x0000000600000000, 0x0000000800000000)
  region size 4096K, 2 young (8192K), 2 survivors (8192K)
 Metaspace       used 21123K, committed 21504K, reserved 1073152K
  class space    used 2757K, committed 2944K, reserved 1048576K
}
Event: 12.043 GC heap before
{Heap before GC invocations=4 (full 0):
 garbage-first heap   total 98304K, used 63527K [0x0000000600000000, 0x0000000800000000)
  region size 4096K, 14 young (57344K), 2 survivors (8192K)
 Metaspace       used 28679K, committed 29120K, reserved 1081344K
  class space    used 3937K, committed 4160K, reserved 1048576K
}
Event: 12.048 GC heap after
{Heap after GC invocations=5 (full 0):
 garbage-first heap   total 98304K, used 17299K [0x0000000600000000, 0x0000000800000000)
  region size 4096K, 2 young (8192K), 2 survivors (8192K)
 Metaspace       used 28679K, committed 29120K, reserved 1081344K
  class space    used 3937K, committed 4160K, reserved 1048576K
}
Event: 12.111 GC heap before
{Heap before GC invocations=5 (full 0):
 garbage-first heap   total 98304K, used 17299K [0x0000000600000000, 0x0000000800000000)
  region size 4096K, 3 young (12288K), 2 survivors (8192K)
 Metaspace       used 30473K, committed 30848K, reserved 1081344K
  class space    used 4174K, committed 4352K, reserved 1048576K
}
Event: 12.116 GC heap after
{Heap after GC invocations=6 (full 0):
 garbage-first heap   total 98304K, used 18401K [0x0000000600000000, 0x0000000800000000)
  region size 4096K, 1 young (4096K), 1 survivors (4096K)
 Metaspace       used 30473K, committed 30848K, reserved 1081344K
  class space    used 4174K, committed 4352K, reserved 1048576K
}

Deoptimization events (20 events):
Event: 12.343 Thread 0x00007fd1bf8b5400 DEOPT PACKING pc=0x000000010af06074 sp=0x0000700006110970
Event: 12.343 Thread 0x00007fd1bf8b5400 DEOPT UNPACKING pc=0x000000010ab4a82f sp=0x000070000610fe80 mode 1
Event: 12.390 Thread 0x00007fd1bf8b5400 DEOPT PACKING pc=0x000000010af37164 sp=0x00007000061111a0
Event: 12.390 Thread 0x00007fd1bf8b5400 DEOPT UNPACKING pc=0x000000010ab4a82f sp=0x0000700006110658 mode 1
Event: 12.390 Thread 0x00007fd1bf8b5400 DEOPT PACKING pc=0x000000010af3639c sp=0x0000700006111270
Event: 12.390 Thread 0x00007fd1bf8b5400 DEOPT UNPACKING pc=0x000000010ab4a82f sp=0x0000700006110748 mode 1
Event: 12.390 Thread 0x00007fd1bf8b5400 DEOPT PACKING pc=0x000000010af06074 sp=0x0000700006111970
Event: 12.390 Thread 0x00007fd1bf8b5400 DEOPT UNPACKING pc=0x000000010ab4a82f sp=0x0000700006110e80 mode 1
Event: 12.398 Thread 0x00007fd1bf8b5400 DEOPT PACKING pc=0x000000010b17aa84 sp=0x00007000061112d0
Event: 12.398 Thread 0x00007fd1bf8b5400 DEOPT UNPACKING pc=0x000000010ab4a82f sp=0x0000700006110820 mode 1
Event: 12.398 Thread 0x00007fd1bf8b5400 DEOPT PACKING pc=0x000000010b242ad4 sp=0x00007000061113e0
Event: 12.398 Thread 0x00007fd1bf8b5400 DEOPT UNPACKING pc=0x000000010ab4a82f sp=0x0000700006110958 mode 1
Event: 12.398 Thread 0x00007fd1bf8b5400 DEOPT PACKING pc=0x000000010b17aa84 sp=0x0000700006111410
Event: 12.398 Thread 0x00007fd1bf8b5400 DEOPT UNPACKING pc=0x000000010ab4a82f sp=0x0000700006110960 mode 1
Event: 12.398 Thread 0x00007fd1bf8b5400 DEOPT PACKING pc=0x000000010b242ad4 sp=0x0000700006111520
Event: 12.398 Thread 0x00007fd1bf8b5400 DEOPT UNPACKING pc=0x000000010ab4a82f sp=0x0000700006110a98 mode 1
Event: 12.433 Thread 0x00007fd1bf864400 DEOPT PACKING pc=0x000000010b17aa84 sp=0x0000700006d34620
Event: 12.433 Thread 0x00007fd1bf864400 DEOPT UNPACKING pc=0x000000010ab4a82f sp=0x0000700006d33b70 mode 1
Event: 12.433 Thread 0x00007fd1bf864400 DEOPT PACKING pc=0x000000010b242ad4 sp=0x0000700006d34730
Event: 12.433 Thread 0x00007fd1bf864400 DEOPT UNPACKING pc=0x000000010ab4a82f sp=0x0000700006d33ca8 mode 1

Classes unloaded (0 events):
No events

Classes redefined (0 events):
No events

Internal exceptions (20 events):
Event: 1.663 Thread 0x00007fd1c8801000 Exception <a 'java/lang/NoSuchMethodError'{0x0000000603f06658}: 'int java.lang.invoke.DirectMethodHandle$Holder.invokeStatic(java.lang.Object)'> (0x0000000603f06658) 
thrown [open/src/hotspot/share/interpreter/linkResolver.cpp, line 759]
Event: 1.663 Thread 0x00007fd1c8801000 Exception <a 'java/lang/NoSuchMethodError'{0x0000000603f09fa8}: 'int java.lang.invoke.DirectMethodHandle$Holder.invokeStaticInit(java.lang.Object)'> (0x0000000603f09fa8) 
thrown [open/src/hotspot/share/interpreter/linkResolver.cpp, line 759]
Event: 1.688 Thread 0x00007fd1c8801000 Exception <a 'java/lang/NoSuchMethodError'{0x0000000603a55070}: 'void java.lang.invoke.DirectMethodHandle$Holder.invokeStaticInit(java.lang.Object)'> (0x0000000603a55070) 
thrown [open/src/hotspot/share/interpreter/linkResolver.cpp, line 759]
Event: 1.745 Thread 0x00007fd1c8801000 Exception <a 'java/lang/NoSuchMethodError'{0x00000006036cfb68}: 'java.lang.Object java.lang.invoke.DirectMethodHandle$Holder.invokeVirtual(java.lang.Object, java.lang.Object, java.lang.Object, java.lang.Object)'> (0x00000006036cfb68) 
thrown [open/src/hotspot/share/interpreter/linkResolver.cpp, line 759]
Event: 1.768 Thread 0x00007fd1c8801000 Exception <a 'java/lang/NoSuchMethodError'{0x0000000603062588}: 'int java.lang.invoke.DirectMethodHandle$Holder.invokeInterface(java.lang.Object, java.lang.Object, java.lang.Object, java.lang.Object)'> (0x0000000603062588) 
thrown [open/src/hotspot/share/interpreter/linkResolver.cpp, line 759]
Event: 1.769 Thread 0x00007fd1c8801000 Exception <a 'java/lang/NoSuchMethodError'{0x00000006030785f8}: 'java.lang.Object java.lang.invoke.DirectMethodHandle$Holder.newInvokeSpecial(java.lang.Object, java.lang.Object, int, java.lang.Object, java.lang.Object)'> (0x00000006030785f8) 
thrown [open/src/hotspot/share/interpreter/linkResolver.cpp, line 759]
Event: 1.770 Thread 0x00007fd1c8801000 Exception <a 'java/lang/NoSuchMethodError'{0x00000006030839c8}: 'java.lang.Object java.lang.invoke.DirectMethodHandle$Holder.invokeSpecial(java.lang.Object, java.lang.Object, int, java.lang.Object, int, java.lang.Object)'> (0x00000006030839c8) 
thrown [open/src/hotspot/share/interpreter/linkResolver.cpp, line 759]
Event: 1.770 Thread 0x00007fd1c8801000 Exception <a 'java/lang/NoSuchMethodError'{0x000000060308b7d0}: 'java.lang.Object java.lang.invoke.DirectMethodHandle$Holder.newInvokeSpecial(java.lang.Object, java.lang.Object, int, java.lang.Object, int)'> (0x000000060308b7d0) 
thrown [open/src/hotspot/share/interpreter/linkResolver.cpp, line 759]
Event: 1.770 Thread 0x00007fd1c8801000 Exception <a 'java/lang/NoSuchMethodError'{0x000000060308f8d0}: 'java.lang.Object java.lang.invoke.DirectMethodHandle$Holder.invokeSpecial(java.lang.Object, java.lang.Object, java.lang.Object, int, java.lang.Object, int)'> (0x000000060308f8d0) 
thrown [open/src/hotspot/share/interpreter/linkResolver.cpp, line 759]
Event: 11.829 Thread 0x00007fd1c8801000 Exception <a 'java/lang/NoSuchMethodError'{0x0000000602806710}: 'java.lang.Object java.lang.invoke.DirectMethodHandle$Holder.newInvokeSpecial(java.lang.Object, java.lang.Object, java.lang.Object, java.lang.Object, java.lang.Object, java.lang.Object)'> (0x0000000602806710) 
thrown [open/src/hotspot/share/interpreter/linkResolver.cpp, line 759]
Event: 12.017 Thread 0x00007fd1bf8b5400 Exception <a 'java/lang/NoSuchMethodError'{0x0000000602145508}: 'int java.lang.invoke.DirectMethodHandle$Holder.invokeStaticInit(java.lang.Object, java.lang.Object, java.lang.Object, java.lang.Object)'> (0x0000000602145508) 
thrown [open/src/hotspot/share/interpreter/linkResolver.cpp, line 759]
Event: 12.281 Thread 0x00007fd1bf8b5400 Exception <a 'java/lang/NoSuchMethodError'{0x000000061b961618}: 'java.lang.Object java.lang.invoke.DirectMethodHandle$Holder.newInvokeSpecial(java.lang.Object, java.lang.Object, java.lang.Object, java.lang.Object, java.lang.Object, java.lang.Object, java.lang.Object, java.lang.Object)'> (0x000000061b961618) 
thrown [open/src/hotspot/share/interpreter/linkResolver.cpp, line 759]
Event: 12.281 Thread 0x00007fd1bf8b5400 Exception <a 'java/lang/NoSuchMethodError'{0x000000061b965ed8}: 'java.lang.Object java.lang.invoke.Invokers$Holder.linkToTargetMethod(java.lang.Object, java.lang.Object, java.lang.Object, java.lang.Object, java.lang.Object, java.lang.Object, java.lang.Object, java.lang.Object)'> (0x000000061b965ed8) 
thrown [open/src/hotspot/share/interpreter/linkResolver.cpp, line 759]
Event: 12.345 Thread 0x00007fd1bf8b5400 Exception <a 'java/lang/NoSuchMethodError'{0x0000000604bf0a18}: 'java.lang.Object java.lang.invoke.DirectMethodHandle$Holder.invokeStaticInit(java.lang.Object, java.lang.Object, int)'> (0x0000000604bf0a18) 
thrown [open/src/hotspot/share/interpreter/linkResolver.cpp, line 759]
Event: 12.363 Thread 0x00007fd1bf8b5400 Exception <a 'java/lang/NoSuchMethodError'{0x0000000604675840}: 'void java.lang.invoke.DirectMethodHandle$Holder.invokeStaticInit(java.lang.Object, java.lang.Object, java.lang.Object, java.lang.Object)'> (0x0000000604675840) 
thrown [open/src/hotspot/share/interpreter/linkResolver.cpp, line 759]
Event: 12.413 Thread 0x00007fd1bf864400 Exception <a 'java/lang/NoSuchMethodError'{0x0000000603c69708}: 'java.lang.Object java.lang.invoke.DirectMethodHandle$Holder.newInvokeSpecial(java.lang.Object, long)'> (0x0000000603c69708) 
thrown [open/src/hotspot/share/interpreter/linkResolver.cpp, line 759]
Event: 12.421 Thread 0x00007fd1bf864400 Exception <a 'java/lang/NoSuchMethodError'{0x0000000603d04d90}: 'java.lang.Object java.lang.invoke.DirectMethodHandle$Holder.newInvokeSpecial(java.lang.Object, java.lang.Object, java.lang.Object, int)'> (0x0000000603d04d90) 
thrown [open/src/hotspot/share/interpreter/linkResolver.cpp, line 759]
Event: 12.421 Thread 0x00007fd1bf864400 Exception <a 'java/lang/NoSuchMethodError'{0x0000000603d09078}: 'java.lang.Object java.lang.invoke.DirectMethodHandle$Holder.invokeSpecial(java.lang.Object, java.lang.Object, java.lang.Object, java.lang.Object, int)'> (0x0000000603d09078) 
thrown [open/src/hotspot/share/interpreter/linkResolver.cpp, line 759]
Event: 12.421 Thread 0x00007fd1bf864400 Exception <a 'java/lang/NoSuchMethodError'{0x0000000603d0cc40}: 'java.lang.Object java.lang.invoke.Invokers$Holder.linkToTargetMethod(java.lang.Object, java.lang.Object, int, java.lang.Object)'> (0x0000000603d0cc40) 
thrown [open/src/hotspot/share/interpreter/linkResolver.cpp, line 759]
Event: 12.432 Thread 0x00007fd1bf864400 Exception <a 'java/lang/reflect/InvocationTargetException'{0x0000000603e1b918}> (0x0000000603e1b918) 
thrown [open/src/hotspot/share/runtime/reflection.cpp, line 1121]

VM Operations (20 events):
Event: 11.739 Executing VM operation: ChangeSingleStep
Event: 11.739 Executing VM operation: ChangeSingleStep done
Event: 11.739 Executing VM operation: ChangeSingleStep
Event: 11.739 Executing VM operation: ChangeSingleStep done
Event: 11.995 Executing VM operation: HandshakeAllThreads
Event: 11.995 Executing VM operation: HandshakeAllThreads done
Event: 12.004 Executing VM operation: HandshakeAllThreads
Event: 12.004 Executing VM operation: HandshakeAllThreads done
Event: 12.014 Executing VM operation: HandshakeAllThreads
Event: 12.014 Executing VM operation: HandshakeAllThreads done
Event: 12.015 Executing VM operation: HandshakeAllThreads
Event: 12.015 Executing VM operation: HandshakeAllThreads done
Event: 12.042 Executing VM operation: G1CollectForAllocation
Event: 12.048 Executing VM operation: G1CollectForAllocation done
Event: 12.048 Executing VM operation: Cleanup
Event: 12.048 Executing VM operation: Cleanup done
Event: 12.102 Executing VM operation: HandshakeAllThreads
Event: 12.102 Executing VM operation: HandshakeAllThreads done
Event: 12.111 Executing VM operation: G1CollectForAllocation
Event: 12.116 Executing VM operation: G1CollectForAllocation done

Events (20 events):
Event: 12.431 loading class io/netty/util/internal/NativeLibraryLoader$1
Event: 12.431 loading class io/netty/util/internal/NativeLibraryLoader$1 done
Event: 12.432 loading class io/netty/util/internal/ThrowableUtil
Event: 12.432 loading class io/netty/util/internal/ThrowableUtil done
Event: 12.433 loading class java/nio/file/TempFileHelper
Event: 12.433 loading class java/nio/file/TempFileHelper done
Event: 12.433 loading class sun/nio/fs/BsdFileSystem$SupportedFileFileAttributeViewsHolder
Event: 12.433 loading class sun/nio/fs/BsdFileSystem$SupportedFileFileAttributeViewsHolder done
Event: 12.433 loading class java/nio/file/TempFileHelper$PosixPermissions
Event: 12.433 loading class java/nio/file/TempFileHelper$PosixPermissions done
Event: 12.433 loading class java/nio/file/attribute/PosixFilePermissions
Event: 12.433 loading class java/nio/file/attribute/PosixFilePermissions done
Event: 12.433 loading class java/nio/file/attribute/PosixFilePermissions$1
Event: 12.433 loading class java/nio/file/attribute/PosixFilePermissions$1 done
Event: 12.433 loading class sun/nio/fs/UnixFileModeAttribute$1
Event: 12.433 loading class sun/nio/fs/UnixFileModeAttribute$1 done
Event: 12.433 loading class sun/nio/fs/UnixChannelFactory$1
Event: 12.433 loading class sun/nio/fs/UnixChannelFactory$1 done
Event: 12.448 loading class java/io/FileOutputStream$1
Event: 12.448 loading class java/io/FileOutputStream$1 done


Dynamic libraries:
0x00007fff62251000 	/usr/lib/libz.1.dylib
0x0000000107946000 	/Library/Java/JavaVirtualMachines/jdk-17.jdk/Contents/Home/lib/libjli.dylib
0x00007fff2b734000 	/System/Library/Frameworks/Cocoa.framework/Versions/A/Cocoa
0x00007fff38c96000 	/System/Library/Frameworks/Security.framework/Versions/A/Security
0x00007fff2a6d4000 	/System/Library/Frameworks/ApplicationServices.framework/Versions/A/ApplicationServices
0x00007fff5fd39000 	/usr/lib/libSystem.B.dylib
0x00007fff62cc9000 	/usr/lib/system/libcache.dylib
0x00007fff62ccf000 	/usr/lib/system/libcommonCrypto.dylib
0x00007fff62cdb000 	/usr/lib/system/libcompiler_rt.dylib
0x00007fff62ce3000 	/usr/lib/system/libcopyfile.dylib
0x00007fff62ced000 	/usr/lib/system/libcorecrypto.dylib
0x00007fff62e9b000 	/usr/lib/system/libdispatch.dylib
0x00007fff62edd000 	/usr/lib/system/libdyld.dylib
0x00007fff62f13000 	/usr/lib/system/libkeymgr.dylib
0x00007fff62f21000 	/usr/lib/system/liblaunch.dylib
0x00007fff62f22000 	/usr/lib/system/libmacho.dylib
0x00007fff62f28000 	/usr/lib/system/libquarantine.dylib
0x00007fff62f2b000 	/usr/lib/system/libremovefile.dylib
0x00007fff62f2d000 	/usr/lib/system/libsystem_asl.dylib
0x00007fff62f45000 	/usr/lib/system/libsystem_blocks.dylib
0x00007fff62f46000 	/usr/lib/system/libsystem_c.dylib
0x00007fff62fce000 	/usr/lib/system/libsystem_configuration.dylib
0x00007fff62fd2000 	/usr/lib/system/libsystem_coreservices.dylib
0x00007fff62fd6000 	/usr/lib/system/libsystem_darwin.dylib
0x00007fff62fde000 	/usr/lib/system/libsystem_dnssd.dylib
0x00007fff62fe6000 	/usr/lib/system/libsystem_featureflags.dylib
0x00007fff62fe8000 	/usr/lib/system/libsystem_info.dylib
0x00007fff63063000 	/usr/lib/system/libsystem_m.dylib
0x00007fff630ab000 	/usr/lib/system/libsystem_malloc.dylib
0x00007fff630d3000 	/usr/lib/system/libsystem_networkextension.dylib
0x00007fff630e1000 	/usr/lib/system/libsystem_notify.dylib
0x00007fff63100000 	/usr/lib/system/libsystem_sandbox.dylib
0x00007fff63105000 	/usr/lib/system/libsystem_secinit.dylib
0x00007fff63036000 	/usr/lib/system/libsystem_kernel.dylib
0x00007fff630eb000 	/usr/lib/system/libsystem_platform.dylib
0x00007fff630f5000 	/usr/lib/system/libsystem_pthread.dylib
0x00007fff63108000 	/usr/lib/system/libsystem_symptoms.dylib
0x00007fff63110000 	/usr/lib/system/libsystem_trace.dylib
0x00007fff63128000 	/usr/lib/system/libunwind.dylib
0x00007fff6312e000 	/usr/lib/system/libxpc.dylib
0x00007fff61b79000 	/usr/lib/libobjc.A.dylib
0x00007fff6006b000 	/usr/lib/libc++abi.dylib
0x00007fff60017000 	/usr/lib/libc++.1.dylib
0x00007fff2c64b000 	/System/Library/Frameworks/CoreFoundation.framework/Versions/A/CoreFoundation
0x00007fff2ed0e000 	/System/Library/Frameworks/Foundation.framework/Versions/C/Foundation
0x00007fff298cb000 	/System/Library/Frameworks/AppKit.framework/Versions/C/AppKit
0x00007fff2c15f000 	/System/Library/Frameworks/CoreData.framework/Versions/A/CoreData
0x00007fff5c72c000 	/System/Library/PrivateFrameworks/UIFoundation.framework/Versions/A/UIFoundation
0x00007fff57753000 	/System/Library/PrivateFrameworks/RemoteViewServices.framework/Versions/A/RemoteViewServices
0x00007fff5f067000 	/System/Library/PrivateFrameworks/XCTTargetBootstrap.framework/Versions/A/XCTTargetBootstrap
0x00007fff2c53e000 	/System/Library/Frameworks/CoreDisplay.framework/Versions/A/CoreDisplay
0x00007fff31a81000 	/System/Library/Frameworks/Metal.framework/Versions/A/Metal
0x00007fff45e10000 	/System/Library/PrivateFrameworks/DesktopServicesPriv.framework/Versions/A/DesktopServicesPriv
0x00007fff60e64000 	/usr/lib/liblangid.dylib
0x00007fff44f67000 	/System/Library/PrivateFrameworks/CoreSVG.framework/Versions/A/CoreSVG
0x00007fff59cdd000 	/System/Library/PrivateFrameworks/SkyLight.framework/Versions/A/SkyLight
0x00007fff2cacc000 	/System/Library/Frameworks/CoreGraphics.framework/Versions/A/CoreGraphics
0x00007fff2846c000 	/System/Library/Frameworks/Accelerate.framework/Versions/A/Accelerate
0x00007fff62142000 	/usr/lib/libxml2.2.dylib
0x00007fff50afd000 	/System/Library/PrivateFrameworks/IconServices.framework/Versions/A/IconServices
0x00007fff2f4f0000 	/System/Library/Frameworks/IOSurface.framework/Versions/A/IOSurface
0x00007fff5f871000 	/usr/lib/libDiagnosticMessagesClient.dylib
0x00007fff45c89000 	/System/Library/PrivateFrameworks/DFRFoundation.framework/Versions/A/DFRFoundation
0x00007fff60bf2000 	/usr/lib/libicucore.A.dylib
0x00007fff2aa06000 	/System/Library/Frameworks/AudioToolbox.framework/Versions/A/AudioToolbox
0x00007fff2aae8000 	/System/Library/Frameworks/AudioUnit.framework/Versions/A/AudioUnit
0x00007fff5ff3b000 	/usr/lib/libauto.dylib
0x00007fff45d0a000 	/System/Library/PrivateFrameworks/DataDetectorsCore.framework/Versions/A/DataDetectorsCore
0x00007fff2b254000 	/System/Library/Frameworks/Carbon.framework/Versions/A/Frameworks/HIToolbox.framework/Versions/A/HIToolbox
0x00007fff37ecb000 	/System/Library/Frameworks/QuartzCore.framework/Versions/A/QuartzCore
0x00007fff2b593000 	/System/Library/Frameworks/Carbon.framework/Versions/A/Frameworks/SpeechRecognition.framework/Versions/A/SpeechRecognition
0x00007fff4560d000 	/System/Library/PrivateFrameworks/CoreUI.framework/Versions/A/CoreUI
0x00007fff2bc17000 	/System/Library/Frameworks/CoreAudio.framework/Versions/A/CoreAudio
0x00007fff2e9d6000 	/System/Library/Frameworks/DiskArbitration.framework/Versions/A/DiskArbitration
0x00007fff5296b000 	/System/Library/PrivateFrameworks/MultitouchSupport.framework/Versions/A/MultitouchSupport
0x00007fff60ab8000 	/usr/lib/libenergytrace.dylib
0x00007fff2f44b000 	/System/Library/Frameworks/IOKit.framework/Versions/A/IOKit
0x00007fff2da38000 	/System/Library/Frameworks/CoreServices.framework/Versions/A/CoreServices
0x00007fff549e1000 	/System/Library/PrivateFrameworks/PerformanceAnalysis.framework/Versions/A/PerformanceAnalysis
0x00007fff36f02000 	/System/Library/Frameworks/OpenGL.framework/Versions/A/OpenGL
0x00007fff2b742000 	/System/Library/Frameworks/ColorSync.framework/Versions/A/ColorSync
0x00007fff2d152000 	/System/Library/Frameworks/CoreImage.framework/Versions/A/CoreImage
0x00007fff2e4ad000 	/System/Library/Frameworks/CoreText.framework/Versions/A/CoreText
0x00007fff2f577000 	/System/Library/Frameworks/ImageIO.framework/Versions/A/ImageIO
0x00007fff60093000 	/usr/lib/libcompression.dylib
0x00007fff5fbb3000 	/usr/lib/libMobileGestalt.dylib
0x00007fff5b80e000 	/System/Library/PrivateFrameworks/TextureIO.framework/Versions/A/TextureIO
0x00007fff5fea1000 	/usr/lib/libate.dylib
0x00007fff50d05000 	/System/Library/PrivateFrameworks/InternationalSupport.framework/Versions/A/InternationalSupport
0x00007fff60e66000 	/usr/lib/liblzma.5.dylib
0x00007fff60ae0000 	/usr/lib/libfakelink.dylib
0x00007fff5fe2e000 	/usr/lib/libarchive.2.dylib
0x00007fff39e50000 	/System/Library/Frameworks/SystemConfiguration.framework/Versions/A/SystemConfiguration
0x00007fff5f7a2000 	/usr/lib/libCRFSuite.dylib
0x00007fff2ae5e000 	/System/Library/Frameworks/CFNetwork.framework/Versions/A/CFNetwork
0x00007fff5fff9000 	/usr/lib/libbsm.0.dylib
0x00007fff62f14000 	/usr/lib/system/libkxld.dylib
0x00007fff3f7a6000 	/System/Library/PrivateFrameworks/AppleFSCompression.framework/Versions/A/AppleFSCompression
0x00007fff60377000 	/usr/lib/libcoretls.dylib
0x00007fff6038e000 	/usr/lib/libcoretls_cfhelpers.dylib
0x00007fff61bbd000 	/usr/lib/libpam.2.dylib
0x00007fff61ced000 	/usr/lib/libsqlite3.dylib
0x00007fff6212f000 	/usr/lib/libxar.1.dylib
0x00007fff6000a000 	/usr/lib/libbz2.1.0.dylib
0x00007fff60b01000 	/usr/lib/libiconv.2.dylib
0x00007fff60080000 	/usr/lib/libcharset.1.dylib
0x00007fff61668000 	/usr/lib/libnetwork.dylib
0x00007fff61bc4000 	/usr/lib/libpcap.A.dylib
0x00007fff5fde3000 	/usr/lib/libapple_nghttp2.dylib
0x00007fff2ddef000 	/System/Library/Frameworks/CoreServices.framework/Versions/A/Frameworks/FSEvents.framework/Versions/A/FSEvents
0x00007fff2dabf000 	/System/Library/Frameworks/CoreServices.framework/Versions/A/Frameworks/CarbonCore.framework/Versions/A/CarbonCore
0x00007fff2e032000 	/System/Library/Frameworks/CoreServices.framework/Versions/A/Frameworks/Metadata.framework/Versions/A/Metadata
0x00007fff2e0cb000 	/System/Library/Frameworks/CoreServices.framework/Versions/A/Frameworks/OSServices.framework/Versions/A/OSServices
0x00007fff2e0f9000 	/System/Library/Frameworks/CoreServices.framework/Versions/A/Frameworks/SearchKit.framework/Versions/A/SearchKit
0x00007fff2da39000 	/System/Library/Frameworks/CoreServices.framework/Versions/A/Frameworks/AE.framework/Versions/A/AE
0x00007fff2ddf8000 	/System/Library/Frameworks/CoreServices.framework/Versions/A/Frameworks/LaunchServices.framework/Versions/A/LaunchServices
0x00007fff2dda1000 	/System/Library/Frameworks/CoreServices.framework/Versions/A/Frameworks/DictionaryServices.framework/Versions/A/DictionaryServices
0x00007fff2e161000 	/System/Library/Frameworks/CoreServices.framework/Versions/A/Frameworks/SharedFileList.framework/Versions/A/SharedFileList
0x00007fff32d56000 	/System/Library/Frameworks/NetFS.framework/Versions/A/NetFS
0x00007fff52e0e000 	/System/Library/PrivateFrameworks/NetAuth.framework/Versions/A/NetAuth
0x00007fff5f431000 	/System/Library/PrivateFrameworks/login.framework/Versions/A/Frameworks/loginsupport.framework/Versions/A/loginsupport
0x00007fff5b30c000 	/System/Library/PrivateFrameworks/TCC.framework/Versions/A/TCC
0x00007fff4433a000 	/System/Library/PrivateFrameworks/CoreNLP.framework/Versions/A/CoreNLP
0x00007fff52529000 	/System/Library/PrivateFrameworks/MetadataUtilities.framework/Versions/A/MetadataUtilities
0x00007fff60f3e000 	/usr/lib/libmecabra.dylib
0x00007fff60e96000 	/usr/lib/libmecab.dylib
0x00007fff60af1000 	/usr/lib/libgermantok.dylib
0x00007fff5fdca000 	/usr/lib/libThaiTokenizer.dylib
0x00007fff5f7da000 	/usr/lib/libChineseTokenizer.dylib
0x00007fff28484000 	/System/Library/Frameworks/Accelerate.framework/Versions/A/Frameworks/vImage.framework/Versions/A/vImage
0x00007fff29726000 	/System/Library/Frameworks/Accelerate.framework/Versions/A/Frameworks/vecLib.framework/Versions/A/vecLib
0x00007fff2966a000 	/System/Library/Frameworks/Accelerate.framework/Versions/A/Frameworks/vecLib.framework/Versions/A/libvMisc.dylib
0x00007fff29490000 	/System/Library/Frameworks/Accelerate.framework/Versions/A/Frameworks/vecLib.framework/Versions/A/libvDSP.dylib
0x00007fff28af0000 	/System/Library/Frameworks/Accelerate.framework/Versions/A/Frameworks/vecLib.framework/Versions/A/libBLAS.dylib
0x00007fff2904a000 	/System/Library/Frameworks/Accelerate.framework/Versions/A/Frameworks/vecLib.framework/Versions/A/libLAPACK.dylib
0x00007fff293f0000 	/System/Library/Frameworks/Accelerate.framework/Versions/A/Frameworks/vecLib.framework/Versions/A/libLinearAlgebra.dylib
0x00007fff2947d000 	/System/Library/Frameworks/Accelerate.framework/Versions/A/Frameworks/vecLib.framework/Versions/A/libSparseBLAS.dylib
0x00007fff29406000 	/System/Library/Frameworks/Accelerate.framework/Versions/A/Frameworks/vecLib.framework/Versions/A/libQuadrature.dylib
0x00007fff28d59000 	/System/Library/Frameworks/Accelerate.framework/Versions/A/Frameworks/vecLib.framework/Versions/A/libBNNS.dylib
0x00007fff2940c000 	/System/Library/Frameworks/Accelerate.framework/Versions/A/Frameworks/vecLib.framework/Versions/A/libSparse.dylib
0x00007fff510b6000 	/System/Library/PrivateFrameworks/LanguageModeling.framework/Versions/A/LanguageModeling
0x00007fff43cd9000 	/System/Library/PrivateFrameworks/CoreEmoji.framework/Versions/A/CoreEmoji
0x00007fff511d4000 	/System/Library/PrivateFrameworks/LinguisticData.framework/Versions/A/LinguisticData
0x00007fff51185000 	/System/Library/PrivateFrameworks/Lexicon.framework/Versions/A/Lexicon
0x00007fff60081000 	/usr/lib/libcmph.dylib
0x00007fff35928000 	/System/Library/Frameworks/OpenDirectory.framework/Versions/A/Frameworks/CFOpenDirectory.framework/Versions/A/CFOpenDirectory
0x00007fff35945000 	/System/Library/Frameworks/OpenDirectory.framework/Versions/A/OpenDirectory
0x00007fff3dc16000 	/System/Library/PrivateFrameworks/APFS.framework/Versions/A/APFS
0x00007fff38fdd000 	/System/Library/Frameworks/SecurityFoundation.framework/Versions/A/SecurityFoundation
0x00007fff6212b000 	/usr/lib/libutil.dylib
0x00007fff44fbf000 	/System/Library/PrivateFrameworks/CoreServicesStore.framework/Versions/A/CoreServicesStore
0x00007fff390bf000 	/System/Library/Frameworks/ServiceManagement.framework/Versions/A/ServiceManagement
0x00007fff40f58000 	/System/Library/PrivateFrameworks/BackgroundTaskManagement.framework/Versions/A/BackgroundTaskManagement
0x00007fff62228000 	/usr/lib/libxslt.1.dylib
0x00007fff3fe09000 	/System/Library/PrivateFrameworks/AppleSystemInfo.framework/Versions/A/AppleSystemInfo
0x00007fff2f793000 	/System/Library/Frameworks/ImageIO.framework/Versions/A/Resources/libJPEG.dylib
0x00007fff2fa52000 	/System/Library/Frameworks/ImageIO.framework/Versions/A/Resources/libTIFF.dylib
0x00007fff2fa35000 	/System/Library/Frameworks/ImageIO.framework/Versions/A/Resources/libPng.dylib
0x00007fff2f6d4000 	/System/Library/Frameworks/ImageIO.framework/Versions/A/Resources/libGIF.dylib
0x00007fff2f6d8000 	/System/Library/Frameworks/ImageIO.framework/Versions/A/Resources/libJP2.dylib
0x00007fff2fa50000 	/System/Library/Frameworks/ImageIO.framework/Versions/A/Resources/libRadiance.dylib
0x00007fff60ab9000 	/usr/lib/libexpat.1.dylib
0x00007fff3f901000 	/System/Library/PrivateFrameworks/AppleJPEG.framework/Versions/A/AppleJPEG
0x00007fff4820a000 	/System/Library/PrivateFrameworks/FontServices.framework/libFontParser.dylib
0x00007fff5e5d7000 	/System/Library/PrivateFrameworks/WatchdogClient.framework/Versions/A/WatchdogClient
0x00007fff50752000 	/System/Library/PrivateFrameworks/IOAccelerator.framework/Versions/A/IOAccelerator
0x00007fff31e0f000 	/System/Library/Frameworks/MetalPerformanceShaders.framework/Versions/A/MetalPerformanceShaders
0x00007fff4cf57000 	/System/Library/PrivateFrameworks/GPUWrangler.framework/Versions/A/GPUWrangler
0x00007fff5075d000 	/System/Library/PrivateFrameworks/IOPresentment.framework/Versions/A/IOPresentment
0x00007fff45c9c000 	/System/Library/PrivateFrameworks/DSExternalDisplay.framework/Versions/A/DSExternalDisplay
0x00007fff362ae000 	/System/Library/Frameworks/OpenGL.framework/Versions/A/Libraries/libCoreFSCache.dylib
0x00007fff31b61000 	/System/Library/Frameworks/MetalPerformanceShaders.framework/Frameworks/MPSCore.framework/Versions/A/MPSCore
0x00007fff31b9e000 	/System/Library/Frameworks/MetalPerformanceShaders.framework/Frameworks/MPSImage.framework/Versions/A/MPSImage
0x00007fff31c60000 	/System/Library/Frameworks/MetalPerformanceShaders.framework/Frameworks/MPSNeuralNetwork.framework/Versions/A/MPSNeuralNetwork
0x00007fff31c25000 	/System/Library/Frameworks/MetalPerformanceShaders.framework/Frameworks/MPSMatrix.framework/Versions/A/MPSMatrix
0x00007fff31dc0000 	/System/Library/Frameworks/MetalPerformanceShaders.framework/Frameworks/MPSRayIntersector.framework/Versions/A/MPSRayIntersector
0x00007fff31c4a000 	/System/Library/Frameworks/MetalPerformanceShaders.framework/Frameworks/MPSNDArray.framework/Versions/A/MPSNDArray
0x00007fff52576000 	/System/Library/PrivateFrameworks/MetalTools.framework/Versions/A/MetalTools
0x00007fff3edb7000 	/System/Library/PrivateFrameworks/AggregateDictionary.framework/Versions/A/AggregateDictionary
0x00007fff4376c000 	/System/Library/PrivateFrameworks/CoreAnalytics.framework/Versions/A/CoreAnalytics
0x00007fff3fd27000 	/System/Library/PrivateFrameworks/AppleSauce.framework/Versions/A/AppleSauce
0x00007fff5fa96000 	/usr/lib/libIOReport.dylib
0x00007fff2e662000 	/System/Library/Frameworks/CoreVideo.framework/Versions/A/CoreVideo
0x00007fff4e3bc000 	/System/Library/PrivateFrameworks/GraphVisualizer.framework/Versions/A/GraphVisualizer
0x00007fff47789000 	/System/Library/PrivateFrameworks/FaceCore.framework/Versions/A/FaceCore
0x00007fff358cf000 	/System/Library/Frameworks/OpenCL.framework/Versions/A/OpenCL
0x00007fff5f8b8000 	/usr/lib/libFosl_dynamic.dylib
0x00007fff53806000 	/System/Library/PrivateFrameworks/OTSVG.framework/Versions/A/OTSVG
0x00007fff2a7d9000 	/System/Library/Frameworks/ApplicationServices.framework/Versions/A/Frameworks/ATS.framework/Versions/A/Resources/libFontRegistry.dylib
0x00007fff483db000 	/System/Library/PrivateFrameworks/FontServices.framework/libhvf.dylib
0x00007fff362b9000 	/System/Library/Frameworks/OpenGL.framework/Versions/A/Libraries/libGFXShared.dylib
0x00007fff36496000 	/System/Library/Frameworks/OpenGL.framework/Versions/A/Libraries/libGLU.dylib
0x00007fff362c2000 	/System/Library/Frameworks/OpenGL.framework/Versions/A/Libraries/libGL.dylib
0x00007fff362cd000 	/System/Library/Frameworks/OpenGL.framework/Versions/A/Libraries/libGLImage.dylib
0x00007fff362ab000 	/System/Library/Frameworks/OpenGL.framework/Versions/A/Libraries/libCVMSPluginSupport.dylib
0x00007fff362b4000 	/System/Library/Frameworks/OpenGL.framework/Versions/A/Libraries/libCoreVMClient.dylib
0x00007fff6150a000 	/usr/lib/libncurses.5.4.dylib
0x00007fff2a6d5000 	/System/Library/Frameworks/ApplicationServices.framework/Versions/A/Frameworks/ATS.framework/Versions/A/ATS
0x00007fff2a8a2000 	/System/Library/Frameworks/ApplicationServices.framework/Versions/A/Frameworks/ColorSyncLegacy.framework/Versions/A/ColorSyncLegacy
0x00007fff2a941000 	/System/Library/Frameworks/ApplicationServices.framework/Versions/A/Frameworks/HIServices.framework/Versions/A/HIServices
0x00007fff2a998000 	/System/Library/Frameworks/ApplicationServices.framework/Versions/A/Frameworks/LangAnalysis.framework/Versions/A/LangAnalysis
0x00007fff2a9a7000 	/System/Library/Frameworks/ApplicationServices.framework/Versions/A/Frameworks/PrintCore.framework/Versions/A/PrintCore
0x00007fff2a9ed000 	/System/Library/Frameworks/ApplicationServices.framework/Versions/A/Frameworks/QD.framework/Versions/A/QD
0x00007fff2a9f8000 	/System/Library/Frameworks/ApplicationServices.framework/Versions/A/Frameworks/SpeechSynthesis.framework/Versions/A/SpeechSynthesis
0x00007fff2a872000 	/System/Library/Frameworks/ApplicationServices.framework/Versions/A/Frameworks/ATSUI.framework/Versions/A/ATSUI
0x00007fff6094d000 	/usr/lib/libcups.2.dylib
0x00007fff30ec0000 	/System/Library/Frameworks/Kerberos.framework/Versions/A/Kerberos
0x00007fff2f142000 	/System/Library/Frameworks/GSS.framework/Versions/A/GSS
0x00007fff61c79000 	/usr/lib/libresolv.9.dylib
0x00007fff4e55d000 	/System/Library/PrivateFrameworks/Heimdal.framework/Versions/A/Heimdal
0x00007fff30ed3000 	/System/Library/Frameworks/Kerberos.framework/Versions/A/Libraries/libHeimdalProxy.dylib
0x00007fff60af7000 	/usr/lib/libheimdal-asn1.dylib
0x00007fff42c10000 	/System/Library/PrivateFrameworks/CommonAuth.framework/Versions/A/CommonAuth
0x00007fff3fea6000 	/System/Library/PrivateFrameworks/AssertionServices.framework/Versions/A/AssertionServices
0x00007fff40a46000 	/System/Library/PrivateFrameworks/AudioToolboxCore.framework/Versions/A/AudioToolboxCore
0x00007fff5f0e3000 	/System/Library/PrivateFrameworks/caulk.framework/Versions/A/caulk
0x00007fff41004000 	/System/Library/PrivateFrameworks/BaseBoard.framework/Versions/A/BaseBoard
0x00007fff578e1000 	/System/Library/PrivateFrameworks/RunningBoardServices.framework/Versions/A/RunningBoardServices
0x00007fff549ed000 	/System/Library/PrivateFrameworks/PersistentConnection.framework/Versions/A/PersistentConnection
0x00007fff57335000 	/System/Library/PrivateFrameworks/ProtocolBuffer.framework/Versions/A/ProtocolBuffer
0x00007fff42c35000 	/System/Library/PrivateFrameworks/CommonUtilities.framework/Versions/A/CommonUtilities
0x00007fff41187000 	/System/Library/PrivateFrameworks/Bom.framework/Versions/A/Bom
0x00007fff5f766000 	/usr/lib/libAudioToolboxUtility.dylib
0x00007fff40f62000 	/System/Library/PrivateFrameworks/Backup.framework/Versions/A/Backup
0x00007fff45a0a000 	/System/Library/PrivateFrameworks/CrashReporterSupport.framework/Versions/A/CrashReporterSupport
0x00007fff58b85000 	/System/Library/PrivateFrameworks/Sharing.framework/Versions/A/Sharing
0x00007fff3f64c000 	/System/Library/PrivateFrameworks/Apple80211.framework/Versions/A/Apple80211
0x00007fff40c84000 	/System/Library/PrivateFrameworks/AuthKit.framework/Versions/A/AuthKit
0x00007fff4573a000 	/System/Library/PrivateFrameworks/CoreUtils.framework/Versions/A/CoreUtils
0x00007fff2e6a7000 	/System/Library/Frameworks/CoreWLAN.framework/Versions/A/CoreWLAN
0x00007fff2f2cc000 	/System/Library/Frameworks/IOBluetooth.framework/Versions/A/IOBluetooth
0x00007fff526e6000 	/System/Library/PrivateFrameworks/MobileKeyBag.framework/Versions/A/MobileKeyBag
0x00007fff44813000 	/System/Library/PrivateFrameworks/CorePhoneNumbers.framework/Versions/A/CorePhoneNumbers
0x00007fff3f8b4000 	/System/Library/PrivateFrameworks/AppleIDAuthSupport.framework/Versions/A/AppleIDAuthSupport
0x00007fff32d63000 	/System/Library/Frameworks/Network.framework/Versions/A/Network
0x00007fff50f3f000 	/System/Library/PrivateFrameworks/KeychainCircle.framework/Versions/A/KeychainCircle
0x00007fff2c127000 	/System/Library/Frameworks/CoreBluetooth.framework/Versions/A/CoreBluetooth
0x00007fff5a81d000 	/System/Library/PrivateFrameworks/SpeechRecognitionCore.framework/Versions/A/SpeechRecognitionCore
0x0000000109a00000 	/Library/Java/JavaVirtualMachines/jdk-17.jdk/Contents/Home/lib/server/libjvm.dylib
0x0000000107985000 	/Library/Java/JavaVirtualMachines/jdk-17.jdk/Contents/Home/lib/libjimage.dylib
0x0000000107997000 	/Library/Java/JavaVirtualMachines/jdk-17.jdk/Contents/Home/lib/libjdwp.dylib
0x000000010aa74000 	/Library/Java/JavaVirtualMachines/jdk-17.jdk/Contents/Home/lib/libjava.dylib
0x00000001079db000 	/Library/Java/JavaVirtualMachines/jdk-17.jdk/Contents/Home/lib/libinstrument.dylib
0x000000010aae4000 	/Library/Java/JavaVirtualMachines/jdk-17.jdk/Contents/Home/lib/libzip.dylib
0x000000010ec2c000 	/Library/Java/JavaVirtualMachines/jdk-17.jdk/Contents/Home/lib/libdt_socket.dylib
0x000000012a4dc000 	/Library/Java/JavaVirtualMachines/jdk-17.jdk/Contents/Home/lib/libnio.dylib
0x000000012a4f8000 	/Library/Java/JavaVirtualMachines/jdk-17.jdk/Contents/Home/lib/libnet.dylib
0x000000010ec3c000 	/Library/Java/JavaVirtualMachines/jdk-17.jdk/Contents/Home/lib/libmanagement.dylib
0x000000012a518000 	/Library/Java/JavaVirtualMachines/jdk-17.jdk/Contents/Home/lib/libmanagement_ext.dylib
0x000000012a528000 	/Library/Java/JavaVirtualMachines/jdk-17.jdk/Contents/Home/lib/libextnet.dylib
0x00007fff620cf000 	/usr/lib/libusrtcp.dylib
0x000000012a538000 	/private/var/folders/gm/gdl8p0h93xb_1lyv5dmq53q00000gn/T/libnetty_tcnative_osx_x86_6410162214524067811634.dylib


VM Arguments:
jvm_args: -agentlib:jdwp=transport=dt_socket,address=127.0.0.1:62670,suspend=y,server=n -XX:TieredStopAtLevel=1 -Dspring.output.ansi.enabled=always -Dcom.sun.management.jmxremote -Dspring.jmx.enabled=true -Dspring.liveBeansView.mbeanDomain -Dspring.application.admin.enabled=true -Dmanagement.endpoints.jmx.exposure.include=* -javaagent:/Users/jm/Library/Caches/JetBrains/IntelliJIdea2023.2/captureAgent/debugger-agent.jar=file:/private/var/folders/gm/gdl8p0h93xb_1lyv5dmq53q00000gn/T/capture.props -Dfile.encoding=UTF-8 
java_command: com.lifehub.servicebus.ServiceBusTopicApplication
java_class_path (initial): /Users/jm/Downloads/servicebustopic-app/target/classes:/Users/jm/.m2/repository/org/springframework/boot/spring-boot-starter/3.1.4/spring-boot-starter-3.1.4.jar:/Users/jm/.m2/repository/org/springframework/boot/spring-boot/3.1.4/spring-boot-3.1.4.jar:/Users/jm/.m2/repository/org/springframework/spring-context/6.0.12/spring-context-6.0.12.jar:/Users/jm/.m2/repository/org/springframework/spring-aop/6.0.12/spring-aop-6.0.12.jar:/Users/jm/.m2/repository/org/springframework/spring-beans/6.0.12/spring-beans-6.0.12.jar:/Users/jm/.m2/repository/org/springframework/spring-expression/6.0.12/spring-expression-6.0.12.jar:/Users/jm/.m2/repository/org/springframework/boot/spring-boot-autoconfigure/3.1.4/spring-boot-autoconfigure-3.1.4.jar:/Users/jm/.m2/repository/org/springframework/boot/spring-boot-starter-logging/3.1.4/spring-boot-starter-logging-3.1.4.jar:/Users/jm/.m2/repository/ch/qos/logback/logback-classic/1.4.11/logback-classic-1.4.11.jar:/Users/jm/.m2/repository/ch/qos/logback/logback-core/1.4.11/logback-core-1.4.11.jar:/Users/jm/.m2/repository/org/apache/logging/log4j/log4j-to-slf4j/2.20.0/log4j-to-slf4j-2.20.0.jar:/Users/jm/.m2/repository/org/apache/logging/log4j/log4j-api/2.20.0/log4j-api-2.20.0.jar:/Users/jm/.m2/repository/org/slf4j/jul-to-slf4j/2.0.9/jul-to-slf4j-2.0.9.jar:/Users/jm/.m2/repository/jakarta/annotation/jakarta.annotation-api/2.1.1/jakarta.annotation-api-2.1.1.jar:/Users/jm/.m2/repository/org/springframework/spring-core/6.0.12/spring-core-6.0.12.jar:/Users/jm/.m2/repository/org/springframework/spring-jcl/6.0.12/spring-jcl-6.0.12.jar:/Users/jm/.m2/repository/org/yaml/snakeyaml/1.33/snakeyaml-1.33.jar:/Users/jm/.m2/repository/org/projectlombok/lombok/1.18.30/lombok-1.18.30.jar:/Users/jm/.m2/repository/org/slf4j/slf4j-api/2.0.9/slf4j-api-2.0.9.jar:/Users/jm/.m2/repository/net/minidev/json-smart/2.4.11/json-smart-2.4.11.jar:/Users/jm/.m2/repository/net/minidev/accessors-smart/2.4.11/accessors-smart-2.4.11.jar:/Users/jm/.m2/repos
Launcher Type: SUN_STANDARD

[Global flags]
     intx CICompilerCount                          = 12                                        {product} {ergonomic}
     uint ConcGCThreads                            = 3                                         {product} {ergonomic}
     uint G1ConcRefinementThreads                  = 13                                        {product} {ergonomic}
   size_t G1HeapRegionSize                         = 4194304                                   {product} {ergonomic}
    uintx GCDrainStackTargetSize                   = 64                                        {product} {ergonomic}
   size_t InitialHeapSize                          = 536870912                                 {product} {ergonomic}
     bool ManagementServer                         = true                                      {product} {command line}
   size_t MarkStackSize                            = 4194304                                   {product} {ergonomic}
   size_t MaxHeapSize                              = 8589934592                                {product} {ergonomic}
   size_t MaxNewSize                               = 5150605312                                {product} {ergonomic}
   size_t MinHeapDeltaBytes                        = 4194304                                   {product} {ergonomic}
   size_t MinHeapSize                              = 8388608                                   {product} {ergonomic}
    uintx NonProfiledCodeHeapSize                  = 0                                      {pd product} {ergonomic}
     bool ProfileInterpreter                       = false                                  {pd product} {command line}
    uintx ProfiledCodeHeapSize                     = 0                                      {pd product} {ergonomic}
   size_t SoftMaxHeapSize                          = 8589934592                             {manageable} {ergonomic}
     intx TieredStopAtLevel                        = 1                                         {product} {command line}
     bool UseCompressedClassPointers               = true                           {product lp64_product} {ergonomic}
     bool UseCompressedOops                        = true                           {product lp64_product} {ergonomic}
     bool UseG1GC                                  = true                                      {product} {ergonomic}
     bool UseNUMA                                  = false                                     {product} {ergonomic}
     bool UseNUMAInterleaving                      = false                                     {product} {ergonomic}

Logging:
Log output configuration:
 #0: stdout all=warning uptime,level,tags
 #1: stderr all=off uptime,level,tags

Environment Variables:
PATH=/usr/local/bin:/usr/bin:/bin:/usr/sbin:/sbin:/usr/local/share/dotnet:~/.dotnet/tools:/Library/Frameworks/Mono.framework/Versions/Current/Commands
SHELL=/bin/zsh
LC_CTYPE=en_GB.UTF-8

Signal Handlers:
   SIGSEGV: crash_handler in libjvm.dylib, mask=11100110000111110111111111111111, flags=SA_RESTART|SA_SIGINFO
    SIGBUS: crash_handler in libjvm.dylib, mask=11100110000111110111111111111111, flags=SA_RESTART|SA_SIGINFO
    SIGFPE: crash_handler in libjvm.dylib, mask=11100110000111110111111111111111, flags=SA_RESTART|SA_SIGINFO
   SIGPIPE: javaSignalHandler in libjvm.dylib, mask=11100110000111110111111111111111, flags=SA_RESTART|SA_SIGINFO
   SIGXFSZ: javaSignalHandler in libjvm.dylib, mask=11100110000111110111111111111111, flags=SA_RESTART|SA_SIGINFO
    SIGILL: crash_handler in libjvm.dylib, mask=11100110000111110111111111111111, flags=SA_RESTART|SA_SIGINFO
   SIGUSR2: SR_handler in libjvm.dylib, mask=00100000000000000000000000000000, flags=SA_RESTART|SA_SIGINFO
    SIGHUP: UserHandler in libjvm.dylib, mask=11100110000111110111111111111111, flags=SA_RESTART|SA_SIGINFO
    SIGINT: UserHandler in libjvm.dylib, mask=11100110000111110111111111111111, flags=SA_RESTART|SA_SIGINFO
   SIGTERM: UserHandler in libjvm.dylib, mask=11100110000111110111111111111111, flags=SA_RESTART|SA_SIGINFO
   SIGQUIT: UserHandler in libjvm.dylib, mask=11100110000111110111111111111111, flags=SA_RESTART|SA_SIGINFO
   SIGTRAP: crash_handler in libjvm.dylib, mask=11100110000111110111111111111111, flags=SA_RESTART|SA_SIGINFO


---------------  S Y S T E M  ---------------

OS:
uname: Darwin 19.0.0 Darwin Kernel Version 19.0.0: Wed Oct 23 18:29:05 PDT 2019; root:xnu-6153.41.3~44/RELEASE_X86_64 x86_64
OS uptime: 86 days 10:15 hours
rlimit (soft/hard): STACK 8192k/65532k , CORE 0k/infinity , NPROC 5568/8352 , NOFILE 10240/infinity , AS infinity/infinity , CPU infinity/infinity , DATA infinity/infinity , FSIZE infinity/infinity , MEMLOCK infinity/infinity , RSS infinity/infinity
load average: 1.81 1.94 1.85

CPU: total 16 (initial active 16) (8 cores per cpu, 2 threads per core) family 6 model 158 stepping 13 microcode 0xc8, cx8, cmov, fxsr, ht, mmx, 3dnowpref, sse, sse2, sse3, ssse3, sse4.1, sse4.2, popcnt, lzcnt, tsc, tscinvbit, avx, avx2, aes, erms, clmul, bmi1, bmi2, rtm, adx, fma, vzeroupper, clflush, clflushopt

Memory: 4k page, physical 33554432k(973676k free), swap 19922944k(1672192k free)

vm_info: Java HotSpot(TM) 64-Bit Server VM (17.0.7+8-LTS-224) for bsd-amd64 JRE (17.0.7+8-LTS-224), built on Feb 28 2023 23:06:28 by "mach5one" with clang Apple LLVM 12.0.0 (clang-1200.0.32.29)

END.
